#
# There is insufficient memory for the Java Runtime Environment to continue.
# Native memory allocation (mmap) failed to map 37748736 bytes. Error detail: G1 virtual space
# Possible reasons:
#   The system is out of physical RAM or swap space
#   This process is running with CompressedOops enabled, and the Java Heap may be blocking the growth of the native heap
# Possible solutions:
#   Reduce memory load on the system
#   Increase physical memory or swap space
#   Check if swap backing store is full
#   Decrease Java heap size (-Xmx/-Xms)
#   Decrease number of Java threads
#   Decrease Java thread stack sizes (-Xss)
#   Set larger code cache with -XX:ReservedCodeCacheSize=
#   JVM is running with Unscaled Compressed Oops mode in which the Java heap is
#     placed in the first 4GB address space. The Java Heap base address is the
#     maximum limit for the native heap growth. Please use -XX:HeapBaseMinAddress
#     to set the Java Heap base and to place the Java Heap above 4GB virtual address.
# This output file may be truncated or incomplete.
#
#  Out of Memory Error (os_windows.cpp:3618), pid=15120, tid=4992
#
# JRE version: OpenJDK Runtime Environment Zulu17.58+21-CA (17.0.15+6) (build 17.0.15+6-LTS)
# Java VM: OpenJDK 64-Bit Server VM Zulu17.58+21-CA (17.0.15+6-LTS, mixed mode, sharing, tiered, compressed oops, compressed class ptrs, g1 gc, windows-amd64)
# No core dump will be written. Minidumps are not enabled by default on client versions of Windows
#

---------------  S U M M A R Y ------------

Command Line: --add-opens=java.base/java.lang=ALL-UNNAMED --add-opens=java.base/java.lang.invoke=ALL-UNNAMED --add-opens=java.base/java.util=ALL-UNNAMED --add-opens=java.prefs/java.util.prefs=ALL-UNNAMED --add-exports=jdk.compiler/com.sun.tools.javac.api=ALL-UNNAMED --add-exports=jdk.compiler/com.sun.tools.javac.util=ALL-UNNAMED --add-opens=java.base/java.util=ALL-UNNAMED --add-opens=java.prefs/java.util.prefs=ALL-UNNAMED --add-opens=java.base/java.nio.charset=ALL-UNNAMED --add-opens=java.base/java.net=ALL-UNNAMED --add-opens=java.base/java.util.concurrent.atomic=ALL-UNNAMED --add-opens=java.xml/javax.xml.namespace=ALL-UNNAMED -XX:MaxMetaspaceSize=512m -Xmx2048m -Dfile.encoding=windows-1252 -Duser.country=FR -Duser.language=fr -Duser.variant -javaagent:C:\Users\User\.gradle\wrapper\dists\gradle-8.14.1-bin\baw1sv0jfoi8rxs14qo3h49cs\gradle-8.14.1\lib\agents\gradle-instrumentation-agent-8.14.1.jar org.gradle.launcher.daemon.bootstrap.GradleDaemon 8.14.1

Host: AMD PRO A10-8700B R6, 10 Compute Cores 4C+6G   , 4 cores, 6G,  Windows 10 , 64 bit Build 19041 (10.0.19041.5915)
Time: Wed Aug  6 16:32:14 2025 Afr. centrale Ouest elapsed time: 146.264754 seconds (0d 0h 2m 26s)

---------------  T H R E A D  ---------------

Current thread (0x000001c354211cb0):  VMThread "VM Thread" [stack: 0x00000013b7800000,0x00000013b7900000] [id=4992]

Stack: [0x00000013b7800000,0x00000013b7900000]
Native frames: (J=compiled Java code, j=interpreted, Vv=VM code, C=native code)
V  [jvm.dll+0x685b79]
V  [jvm.dll+0x83d7fa]
V  [jvm.dll+0x83f2be]
V  [jvm.dll+0x83f923]
V  [jvm.dll+0x24c54f]
V  [jvm.dll+0x682899]
V  [jvm.dll+0x67736a]
V  [jvm.dll+0x30c4eb]
V  [jvm.dll+0x3139e6]
V  [jvm.dll+0x36456e]
V  [jvm.dll+0x3647af]
V  [jvm.dll+0x2e34fc]
V  [jvm.dll+0x2e18bf]
V  [jvm.dll+0x2e0fec]
V  [jvm.dll+0x32471b]
V  [jvm.dll+0x843e1d]
V  [jvm.dll+0x844b62]
V  [jvm.dll+0x84508f]
V  [jvm.dll+0x845474]
V  [jvm.dll+0x845540]
V  [jvm.dll+0x7ecc0c]
V  [jvm.dll+0x684a47]
C  [ucrtbase.dll+0x21bb2]
C  [KERNEL32.DLL+0x17374]
C  [ntdll.dll+0x4cc91]

VM_Operation (0x00000013b91fed80): G1CollectForAllocation, mode: safepoint, requested by thread 0x000001c3746dc060


---------------  P R O C E S S  ---------------

Threads class SMR info:
_java_thread_list=0x000001c3771f48a0, length=90, elements={
0x000001c336509860, 0x000001c3542194a0, 0x000001c35421ab90, 0x000001c3542336a0,
0x000001c354234520, 0x000001c354236890, 0x000001c354243760, 0x000001c354244ca0,
0x000001c354246690, 0x000001c354259860, 0x000001c354202910, 0x000001c3545c4960,
0x000001c374320a00, 0x000001c35495a840, 0x000001c375338030, 0x000001c35481edf0,
0x000001c3740e65c0, 0x000001c3746df300, 0x000001c3746ddec0, 0x000001c3746dc570,
0x000001c3746df810, 0x000001c3746dc060, 0x000001c3746dedf0, 0x000001c3746de3d0,
0x000001c3746dcf90, 0x000001c3746dd9b0, 0x000001c3746de8e0, 0x000001c3746dca80,
0x000001c374c798c0, 0x000001c374c7cb60, 0x000001c374c7bc30, 0x000001c374c7b210,
0x000001c374c7c650, 0x000001c375d69e40, 0x000001c375d6c6c0, 0x000001c375d69420,
0x000001c375d68a00, 0x000001c375d67fe0, 0x000001c375d6ef40, 0x000001c375d6a350,
0x000001c375d6c1b0, 0x000001c375d6d0e0, 0x000001c375d6b790, 0x000001c375d69930,
0x000001c375d684f0, 0x000001c375d6e520, 0x000001c375d6ea30, 0x000001c375d6bca0,
0x000001c375d6a860, 0x000001c375d6db00, 0x000001c375d6f450, 0x000001c375d6d5f0,
0x000001c375d6ad70, 0x000001c375d6cbd0, 0x000001c375d6e010, 0x000001c378fc0460,
0x000001c378fc3c10, 0x000001c378fc2ce0, 0x000001c378fc0970, 0x000001c378fc0e80,
0x000001c378fbff50, 0x000001c378fc4630, 0x000001c378fc31f0, 0x000001c378fc3700,
0x000001c378fc4120, 0x000001c378fc4b40, 0x000001c378fc5050, 0x000001c378fc5560,
0x000001c378fbe0f0, 0x000001c378fbf020, 0x000001c378fbfa40, 0x000001c378fc5a70,
0x000001c378fc1390, 0x000001c378fc18a0, 0x000001c378fc1db0, 0x000001c378fc22c0,
0x000001c378fc27d0, 0x000001c378fbe600, 0x000001c378fbeb10, 0x000001c37774c4c0,
0x000001c37774f760, 0x000001c37774d900, 0x000001c377751fe0, 0x000001c377750690,
0x000001c37774fc70, 0x000001c37774c9d0, 0x000001c3777510b0, 0x000001c37774cee0,
0x000001c3777524f0, 0x000001c37774b590
}

Java Threads: ( => current thread )
  0x000001c336509860 JavaThread "main" [_thread_blocked, id=11720, stack(0x00000013b7200000,0x00000013b7300000)]
  0x000001c3542194a0 JavaThread "Reference Handler" daemon [_thread_blocked, id=14604, stack(0x00000013b7900000,0x00000013b7a00000)]
  0x000001c35421ab90 JavaThread "Finalizer" daemon [_thread_blocked, id=8060, stack(0x00000013b7a00000,0x00000013b7b00000)]
  0x000001c3542336a0 JavaThread "Signal Dispatcher" daemon [_thread_blocked, id=13732, stack(0x00000013b7b00000,0x00000013b7c00000)]
  0x000001c354234520 JavaThread "Attach Listener" daemon [_thread_blocked, id=12200, stack(0x00000013b7c00000,0x00000013b7d00000)]
  0x000001c354236890 JavaThread "Service Thread" daemon [_thread_blocked, id=6812, stack(0x00000013b7d00000,0x00000013b7e00000)]
  0x000001c354243760 JavaThread "Monitor Deflation Thread" daemon [_thread_blocked, id=15132, stack(0x00000013b7e00000,0x00000013b7f00000)]
  0x000001c354244ca0 JavaThread "C2 CompilerThread0" daemon [_thread_blocked, id=4424, stack(0x00000013b7f00000,0x00000013b8000000)]
  0x000001c354246690 JavaThread "C1 CompilerThread0" daemon [_thread_blocked, id=13920, stack(0x00000013b8000000,0x00000013b8100000)]
  0x000001c354259860 JavaThread "Sweeper thread" daemon [_thread_blocked, id=9788, stack(0x00000013b8100000,0x00000013b8200000)]
  0x000001c354202910 JavaThread "Common-Cleaner" daemon [_thread_blocked, id=13180, stack(0x00000013b8200000,0x00000013b8300000)]
  0x000001c3545c4960 JavaThread "Notification Thread" daemon [_thread_blocked, id=3608, stack(0x00000013b8300000,0x00000013b8400000)]
  0x000001c374320a00 JavaThread "Daemon health stats" [_thread_blocked, id=14656, stack(0x00000013b8700000,0x00000013b8800000)]
  0x000001c35495a840 JavaThread "Incoming local TCP Connector on port 51514" [_thread_in_native, id=11008, stack(0x00000013b8900000,0x00000013b8a00000)]
  0x000001c375338030 JavaThread "Daemon periodic checks" [_thread_blocked, id=6984, stack(0x00000013b8a00000,0x00000013b8b00000)]
  0x000001c35481edf0 JavaThread "Daemon" [_thread_blocked, id=11524, stack(0x00000013b8b00000,0x00000013b8c00000)]
  0x000001c3740e65c0 JavaThread "Handler for socket connection from /127.0.0.1:51514 to /127.0.0.1:51516" [_thread_in_native, id=13628, stack(0x00000013b8c00000,0x00000013b8d00000)]
  0x000001c3746df300 JavaThread "Cancel handler" [_thread_blocked, id=12208, stack(0x00000013b8d00000,0x00000013b8e00000)]
  0x000001c3746ddec0 JavaThread "Daemon worker" [_thread_blocked, id=3668, stack(0x00000013b8e00000,0x00000013b8f00000)]
  0x000001c3746dc570 JavaThread "Asynchronous log dispatcher for DefaultDaemonConnection: socket connection from /127.0.0.1:51514 to /127.0.0.1:51516" [_thread_blocked, id=14476, stack(0x00000013b8f00000,0x00000013b9000000)]
  0x000001c3746df810 JavaThread "Stdin handler" [_thread_blocked, id=13520, stack(0x00000013b9000000,0x00000013b9100000)]
  0x000001c3746dc060 JavaThread "Daemon client event forwarder" [_thread_blocked, id=13700, stack(0x00000013b9100000,0x00000013b9200000)]
  0x000001c3746dedf0 JavaThread "Cache worker for journal cache (C:\Users\User\.gradle\caches\journal-1)" [_thread_blocked, id=10248, stack(0x00000013b9200000,0x00000013b9300000)]
  0x000001c3746de3d0 JavaThread "File lock request listener" [_thread_in_native, id=15276, stack(0x00000013b9300000,0x00000013b9400000)]
  0x000001c3746dcf90 JavaThread "Cache worker for file hash cache (C:\Users\User\.gradle\caches\8.14.1\fileHashes)" [_thread_blocked, id=12704, stack(0x00000013b9400000,0x00000013b9500000)]
  0x000001c3746dd9b0 JavaThread "Cache worker for file hash cache (C:\Users\User\Documents\Projets\Firebase\android\.gradle\8.14.1\fileHashes)" [_thread_blocked, id=13188, stack(0x00000013b9500000,0x00000013b9600000)]
  0x000001c3746de8e0 JavaThread "Cache worker for Build Output Cleanup Cache (C:\Users\User\Documents\Projets\Firebase\android\.gradle\buildOutputCleanup)" [_thread_blocked, id=5972, stack(0x00000013b9600000,0x00000013b9700000)]
  0x000001c3746dca80 JavaThread "File watcher server" daemon [_thread_in_native, id=15096, stack(0x00000013b9700000,0x00000013b9800000)]
  0x000001c374c798c0 JavaThread "File watcher consumer" daemon [_thread_blocked, id=1536, stack(0x00000013b9800000,0x00000013b9900000)]
  0x000001c374c7cb60 JavaThread "jar transforms" [_thread_blocked, id=5956, stack(0x00000013b9900000,0x00000013b9a00000)]
  0x000001c374c7bc30 JavaThread "Cache worker for checksums cache (C:\Users\User\Documents\Projets\Firebase\android\.gradle\8.14.1\checksums)" [_thread_blocked, id=5460, stack(0x00000013b9c00000,0x00000013b9d00000)]
  0x000001c374c7b210 JavaThread "Cache worker for file content cache (C:\Users\User\.gradle\caches\8.14.1\fileContent)" [_thread_blocked, id=4088, stack(0x00000013b9d00000,0x00000013b9e00000)]
  0x000001c374c7c650 JavaThread "Cache worker for cache directory md-supplier (C:\Users\User\.gradle\caches\8.14.1\md-supplier)" [_thread_blocked, id=1300, stack(0x00000013b9e00000,0x00000013b9f00000)]
  0x000001c375d69e40 JavaThread "Cache worker for cache directory md-rule (C:\Users\User\.gradle\caches\8.14.1\md-rule)" [_thread_blocked, id=13900, stack(0x00000013b9f00000,0x00000013ba000000)]
  0x000001c375d6c6c0 JavaThread "Cache worker for Build Output Cleanup Cache (C:\Users\User\Documents\Projets\Firebase\node_modules\@react-native\gradle-plugin\.gradle\buildOutputCleanup)" [_thread_blocked, id=8384, stack(0x00000013ba000000,0x00000013ba100000)]
  0x000001c375d69420 JavaThread "Unconstrained build operations" [_thread_blocked, id=11424, stack(0x00000013ba100000,0x00000013ba200000)]
  0x000001c375d68a00 JavaThread "Unconstrained build operations Thread 2" [_thread_blocked, id=6128, stack(0x00000013ba200000,0x00000013ba300000)]
  0x000001c375d67fe0 JavaThread "Unconstrained build operations Thread 3" [_thread_blocked, id=10684, stack(0x00000013ba300000,0x00000013ba400000)]
  0x000001c375d6ef40 JavaThread "Unconstrained build operations Thread 4" [_thread_blocked, id=3964, stack(0x00000013ba400000,0x00000013ba500000)]
  0x000001c375d6a350 JavaThread "Unconstrained build operations Thread 5" [_thread_blocked, id=13504, stack(0x00000013ba500000,0x00000013ba600000)]
  0x000001c375d6c1b0 JavaThread "Unconstrained build operations Thread 6" [_thread_blocked, id=11016, stack(0x00000013ba600000,0x00000013ba700000)]
  0x000001c375d6d0e0 JavaThread "Unconstrained build operations Thread 7" [_thread_blocked, id=12440, stack(0x00000013b6f00000,0x00000013b7000000)]
  0x000001c375d6b790 JavaThread "Unconstrained build operations Thread 8" [_thread_blocked, id=15200, stack(0x00000013b7000000,0x00000013b7100000)]
  0x000001c375d69930 JavaThread "Unconstrained build operations Thread 9" [_thread_blocked, id=7264, stack(0x00000013b7100000,0x00000013b7200000)]
  0x000001c375d684f0 JavaThread "Unconstrained build operations Thread 10" [_thread_blocked, id=13904, stack(0x00000013ba700000,0x00000013ba800000)]
  0x000001c375d6e520 JavaThread "Unconstrained build operations Thread 11" [_thread_blocked, id=12460, stack(0x00000013ba800000,0x00000013ba900000)]
  0x000001c375d6ea30 JavaThread "Unconstrained build operations Thread 12" [_thread_blocked, id=4824, stack(0x00000013ba900000,0x00000013baa00000)]
  0x000001c375d6bca0 JavaThread "Unconstrained build operations Thread 13" [_thread_blocked, id=14652, stack(0x00000013baa00000,0x00000013bab00000)]
  0x000001c375d6a860 JavaThread "Unconstrained build operations Thread 14" [_thread_blocked, id=13464, stack(0x00000013bab00000,0x00000013bac00000)]
  0x000001c375d6db00 JavaThread "Unconstrained build operations Thread 15" [_thread_blocked, id=8992, stack(0x00000013bac00000,0x00000013bad00000)]
  0x000001c375d6f450 JavaThread "build event listener" [_thread_blocked, id=14384, stack(0x00000013bad00000,0x00000013bae00000)]
  0x000001c375d6d5f0 JavaThread "Memory manager" [_thread_blocked, id=3528, stack(0x00000013bae00000,0x00000013baf00000)]
  0x000001c375d6ad70 JavaThread "ForkJoinPool.commonPool-worker-1" daemon [_thread_blocked, id=8960, stack(0x00000013baf00000,0x00000013bb000000)]
  0x000001c375d6cbd0 JavaThread "ForkJoinPool.commonPool-worker-2" daemon [_thread_blocked, id=14320, stack(0x00000013bb000000,0x00000013bb100000)]
  0x000001c375d6e010 JavaThread "ForkJoinPool.commonPool-worker-3" daemon [_thread_blocked, id=10796, stack(0x00000013bb100000,0x00000013bb200000)]
  0x000001c378fc0460 JavaThread "included builds" [_thread_blocked, id=5256, stack(0x00000013bb200000,0x00000013bb300000)]
  0x000001c378fc3c10 JavaThread "Execution worker" [_thread_blocked, id=5392, stack(0x00000013bb300000,0x00000013bb400000)]
  0x000001c378fc2ce0 JavaThread "Execution worker Thread 2" [_thread_blocked, id=2808, stack(0x00000013bb400000,0x00000013bb500000)]
  0x000001c378fc0970 JavaThread "Execution worker Thread 3" [_thread_blocked, id=12620, stack(0x00000013bb500000,0x00000013bb600000)]
  0x000001c378fc0e80 JavaThread "Cache worker for execution history cache (C:\Users\User\Documents\Projets\Firebase\node_modules\@react-native\gradle-plugin\.gradle\8.14.1\executionHistory)" [_thread_blocked, id=12376, stack(0x00000013bb600000,0x00000013bb700000)]
  0x000001c378fbff50 JavaThread "Unconstrained build operations Thread 16" [_thread_blocked, id=13600, stack(0x00000013bb700000,0x00000013bb800000)]
  0x000001c378fc4630 JavaThread "Unconstrained build operations Thread 17" [_thread_blocked, id=4464, stack(0x00000013bb800000,0x00000013bb900000)]
  0x000001c378fc31f0 JavaThread "Unconstrained build operations Thread 18" [_thread_blocked, id=14544, stack(0x00000013bb900000,0x00000013bba00000)]
  0x000001c378fc3700 JavaThread "Unconstrained build operations Thread 19" [_thread_blocked, id=1284, stack(0x00000013bba00000,0x00000013bbb00000)]
  0x000001c378fc4120 JavaThread "Unconstrained build operations Thread 20" [_thread_blocked, id=9164, stack(0x00000013bbb00000,0x00000013bbc00000)]
  0x000001c378fc4b40 JavaThread "Unconstrained build operations Thread 21" [_thread_blocked, id=11404, stack(0x00000013bbc00000,0x00000013bbd00000)]
  0x000001c378fc5050 JavaThread "Unconstrained build operations Thread 22" [_thread_blocked, id=13816, stack(0x00000013bbd00000,0x00000013bbe00000)]
  0x000001c378fc5560 JavaThread "Unconstrained build operations Thread 23" [_thread_blocked, id=3336, stack(0x00000013bbe00000,0x00000013bbf00000)]
  0x000001c378fbe0f0 JavaThread "Unconstrained build operations Thread 24" [_thread_blocked, id=14712, stack(0x00000013bbf00000,0x00000013bc000000)]
  0x000001c378fbf020 JavaThread "Unconstrained build operations Thread 25" [_thread_blocked, id=9400, stack(0x00000013bc000000,0x00000013bc100000)]
  0x000001c378fbfa40 JavaThread "Unconstrained build operations Thread 26" [_thread_blocked, id=12604, stack(0x00000013bc100000,0x00000013bc200000)]
  0x000001c378fc5a70 JavaThread "Unconstrained build operations Thread 27" [_thread_blocked, id=1408, stack(0x00000013bc200000,0x00000013bc300000)]
  0x000001c378fc1390 JavaThread "Unconstrained build operations Thread 28" [_thread_blocked, id=12564, stack(0x00000013bc300000,0x00000013bc400000)]
  0x000001c378fc18a0 JavaThread "Unconstrained build operations Thread 29" [_thread_blocked, id=13248, stack(0x00000013bc400000,0x00000013bc500000)]
  0x000001c378fc1db0 JavaThread "Unconstrained build operations Thread 30" [_thread_blocked, id=1580, stack(0x00000013bc500000,0x00000013bc600000)]
  0x000001c378fc22c0 JavaThread "Unconstrained build operations Thread 31" [_thread_blocked, id=10004, stack(0x00000013bc600000,0x00000013bc700000)]
  0x000001c378fc27d0 JavaThread "Unconstrained build operations Thread 32" [_thread_blocked, id=6920, stack(0x00000013bc700000,0x00000013bc800000)]
  0x000001c378fbe600 JavaThread "Unconstrained build operations Thread 33" [_thread_blocked, id=9924, stack(0x00000013bc800000,0x00000013bc900000)]
  0x000001c378fbeb10 JavaThread "Unconstrained build operations Thread 34" [_thread_blocked, id=1432, stack(0x00000013bc900000,0x00000013bca00000)]
  0x000001c37774c4c0 JavaThread "Unconstrained build operations Thread 35" [_thread_blocked, id=5916, stack(0x00000013bca00000,0x00000013bcb00000)]
  0x000001c37774f760 JavaThread "Unconstrained build operations Thread 36" [_thread_blocked, id=10968, stack(0x00000013bcb00000,0x00000013bcc00000)]
  0x000001c37774d900 JavaThread "Unconstrained build operations Thread 37" [_thread_blocked, id=13952, stack(0x00000013bcc00000,0x00000013bcd00000)]
  0x000001c377751fe0 JavaThread "jar transforms Thread 2" [_thread_blocked, id=13844, stack(0x00000013bcd00000,0x00000013bce00000)]
  0x000001c377750690 JavaThread "jar transforms Thread 3" [_thread_blocked, id=2440, stack(0x00000013bce00000,0x00000013bcf00000)]
  0x000001c37774fc70 JavaThread "Unconstrained build operations Thread 38" [_thread_blocked, id=9916, stack(0x00000013bcf00000,0x00000013bd000000)]
  0x000001c37774c9d0 JavaThread "Unconstrained build operations Thread 39" [_thread_blocked, id=920, stack(0x00000013bd000000,0x00000013bd100000)]
  0x000001c3777510b0 JavaThread "Unconstrained build operations Thread 40" [_thread_blocked, id=15080, stack(0x00000013bd100000,0x00000013bd200000)]
  0x000001c37774cee0 JavaThread "jar transforms Thread 4" [_thread_blocked, id=10400, stack(0x00000013bd200000,0x00000013bd300000)]
  0x000001c3777524f0 JavaThread "Problems report writer" [_thread_blocked, id=4068, stack(0x00000013b9a00000,0x00000013b9b00000)]
  0x000001c37774b590 JavaThread "build event listener" [_thread_blocked, id=12040, stack(0x00000013bd300000,0x00000013bd400000)]

Other Threads:
=>0x000001c354211cb0 VMThread "VM Thread" [stack: 0x00000013b7800000,0x00000013b7900000] [id=4992]
  0x000001c3545c6e60 WatcherThread [stack: 0x00000013b8400000,0x00000013b8500000] [id=1268]
  0x000001c336563740 GCTaskThread "GC Thread#0" [stack: 0x00000013b7300000,0x00000013b7400000] [id=5824]
  0x000001c3546b0280 GCTaskThread "GC Thread#1" [stack: 0x00000013b8500000,0x00000013b8600000] [id=2828]
  0x000001c3546b0ee0 GCTaskThread "GC Thread#2" [stack: 0x00000013b8600000,0x00000013b8700000] [id=13480]
  0x000001c3741706f0 GCTaskThread "GC Thread#3" [stack: 0x00000013b8800000,0x00000013b8900000] [id=10672]
  0x000001c336574770 ConcurrentGCThread "G1 Main Marker" [stack: 0x00000013b7400000,0x00000013b7500000] [id=8540]
  0x000001c336575930 ConcurrentGCThread "G1 Conc#0" [stack: 0x00000013b7500000,0x00000013b7600000] [id=6952]
  0x000001c3540d20b0 ConcurrentGCThread "G1 Refine#0" [stack: 0x00000013b7600000,0x00000013b7700000] [id=14620]
  0x000001c3540d29d0 ConcurrentGCThread "G1 Service" [stack: 0x00000013b7700000,0x00000013b7800000] [id=3444]

Threads with active compile tasks:
C2 CompilerThread0   146362 12073       4       java.lang.reflect.Method::invoke (65 bytes)

VM state: at safepoint (normal execution)

VM Mutex/Monitor currently owned by a thread:  ([mutex/lock_event])
[0x000001c336506310] Threads_lock - owner thread: 0x000001c354211cb0
[0x000001c336506ee0] Heap_lock - owner thread: 0x000001c3746dc060

Heap address: 0x0000000080000000, size: 2048 MB, Compressed Oops mode: 32-bit

CDS archive(s) mapped at: [0x000001c355000000-0x000001c355bd0000-0x000001c355bd0000), size 12386304, SharedBaseAddress: 0x000001c355000000, ArchiveRelocationMode: 1.
Compressed class space mapped at: 0x000001c356000000-0x000001c370000000, reserved size: 436207616
Narrow klass base: 0x000001c355000000, Narrow klass shift: 0, Narrow klass range: 0x100000000

GC Precious Log:
 CPUs: 4 total, 4 available
 Memory: 7082M
 Large Page Support: Disabled
 NUMA Support: Disabled
 Compressed Oops: Enabled (32-bit)
 Heap Region Size: 1M
 Heap Min Capacity: 8M
 Heap Initial Capacity: 112M
 Heap Max Capacity: 2G
 Pre-touch: Disabled
 Parallel Workers: 4
 Concurrent Workers: 1
 Concurrent Refinement Workers: 4
 Periodic GC: Disabled

Heap:
 garbage-first heap   total 184320K, used 106059K [0x0000000080000000, 0x0000000100000000)
  region size 1024K, 3 young (3072K), 3 survivors (3072K)
 Metaspace       used 90107K, committed 91008K, reserved 557056K
  class space    used 12371K, committed 12800K, reserved 425984K

Heap Regions: E=young(eden), S=young(survivor), O=old, HS=humongous(starts), HC=humongous(continues), CS=collection set, F=free, OA=open archive, CA=closed archive, TAMS=top-at-mark-start (previous, next)
|   0|0x0000000080000000, 0x0000000080100000, 0x0000000080100000|100%|HS|  |TAMS 0x0000000080100000, 0x0000000080000000| Complete 
|   1|0x0000000080100000, 0x0000000080200000, 0x0000000080200000|100%|HC|  |TAMS 0x0000000080200000, 0x0000000080100000| Complete 
|   2|0x0000000080200000, 0x0000000080300000, 0x0000000080300000|100%|HC|  |TAMS 0x0000000080300000, 0x0000000080200000| Complete 
|   3|0x0000000080300000, 0x0000000080400000, 0x0000000080400000|100%| O|  |TAMS 0x0000000080400000, 0x0000000080300000| Untracked 
|   4|0x0000000080400000, 0x0000000080500000, 0x0000000080500000|100%| O|  |TAMS 0x0000000080500000, 0x0000000080400000| Untracked 
|   5|0x0000000080500000, 0x0000000080600000, 0x0000000080600000|100%| O|  |TAMS 0x0000000080600000, 0x0000000080500000| Untracked 
|   6|0x0000000080600000, 0x0000000080700000, 0x0000000080700000|100%| O|  |TAMS 0x0000000080700000, 0x0000000080600000| Untracked 
|   7|0x0000000080700000, 0x0000000080800000, 0x0000000080800000|100%|HS|  |TAMS 0x0000000080800000, 0x0000000080700000| Complete 
|   8|0x0000000080800000, 0x0000000080900000, 0x0000000080900000|100%| O|  |TAMS 0x0000000080900000, 0x0000000080800000| Untracked 
|   9|0x0000000080900000, 0x0000000080a00000, 0x0000000080a00000|100%| O|  |TAMS 0x0000000080a00000, 0x0000000080900000| Untracked 
|  10|0x0000000080a00000, 0x0000000080b00000, 0x0000000080b00000|100%| O|  |TAMS 0x0000000080b00000, 0x0000000080a00000| Untracked 
|  11|0x0000000080b00000, 0x0000000080c00000, 0x0000000080c00000|100%| O|  |TAMS 0x0000000080c00000, 0x0000000080b00000| Untracked 
|  12|0x0000000080c00000, 0x0000000080d00000, 0x0000000080d00000|100%| O|  |TAMS 0x0000000080d00000, 0x0000000080c00000| Untracked 
|  13|0x0000000080d00000, 0x0000000080e00000, 0x0000000080e00000|100%| O|  |TAMS 0x0000000080e00000, 0x0000000080d00000| Untracked 
|  14|0x0000000080e00000, 0x0000000080f00000, 0x0000000080f00000|100%| O|  |TAMS 0x0000000080f00000, 0x0000000080e00000| Untracked 
|  15|0x0000000080f00000, 0x0000000081000000, 0x0000000081000000|100%| O|  |TAMS 0x0000000081000000, 0x0000000080f00000| Untracked 
|  16|0x0000000081000000, 0x0000000081100000, 0x0000000081100000|100%| O|  |TAMS 0x0000000081100000, 0x0000000081000000| Untracked 
|  17|0x0000000081100000, 0x0000000081200000, 0x0000000081200000|100%| O|  |TAMS 0x0000000081200000, 0x0000000081100000| Untracked 
|  18|0x0000000081200000, 0x0000000081300000, 0x0000000081300000|100%| O|  |TAMS 0x0000000081300000, 0x0000000081200000| Untracked 
|  19|0x0000000081300000, 0x0000000081400000, 0x0000000081400000|100%| O|  |TAMS 0x0000000081400000, 0x0000000081300000| Untracked 
|  20|0x0000000081400000, 0x0000000081500000, 0x0000000081500000|100%| O|  |TAMS 0x0000000081500000, 0x0000000081400000| Untracked 
|  21|0x0000000081500000, 0x0000000081600000, 0x0000000081600000|100%| O|  |TAMS 0x0000000081600000, 0x0000000081500000| Untracked 
|  22|0x0000000081600000, 0x0000000081700000, 0x0000000081700000|100%| O|  |TAMS 0x0000000081700000, 0x0000000081600000| Untracked 
|  23|0x0000000081700000, 0x0000000081800000, 0x0000000081800000|100%| O|  |TAMS 0x0000000081800000, 0x0000000081700000| Untracked 
|  24|0x0000000081800000, 0x0000000081900000, 0x0000000081900000|100%| O|  |TAMS 0x0000000081900000, 0x0000000081800000| Untracked 
|  25|0x0000000081900000, 0x0000000081a00000, 0x0000000081a00000|100%| O|  |TAMS 0x0000000081a00000, 0x0000000081900000| Untracked 
|  26|0x0000000081a00000, 0x0000000081b00000, 0x0000000081b00000|100%| O|  |TAMS 0x0000000081b00000, 0x0000000081a00000| Untracked 
|  27|0x0000000081b00000, 0x0000000081c00000, 0x0000000081c00000|100%| O|  |TAMS 0x0000000081c00000, 0x0000000081b00000| Untracked 
|  28|0x0000000081c00000, 0x0000000081d00000, 0x0000000081d00000|100%| O|  |TAMS 0x0000000081d00000, 0x0000000081c00000| Untracked 
|  29|0x0000000081d00000, 0x0000000081e00000, 0x0000000081e00000|100%| O|  |TAMS 0x0000000081e00000, 0x0000000081d00000| Untracked 
|  30|0x0000000081e00000, 0x0000000081f00000, 0x0000000081f00000|100%| O|  |TAMS 0x0000000081f00000, 0x0000000081e00000| Untracked 
|  31|0x0000000081f00000, 0x0000000082000000, 0x0000000082000000|100%| O|  |TAMS 0x0000000082000000, 0x0000000081f00000| Untracked 
|  32|0x0000000082000000, 0x0000000082100000, 0x0000000082100000|100%| O|  |TAMS 0x0000000082100000, 0x0000000082000000| Untracked 
|  33|0x0000000082100000, 0x0000000082200000, 0x0000000082200000|100%| O|  |TAMS 0x0000000082200000, 0x0000000082100000| Untracked 
|  34|0x0000000082200000, 0x0000000082300000, 0x0000000082300000|100%| O|  |TAMS 0x0000000082300000, 0x0000000082200000| Untracked 
|  35|0x0000000082300000, 0x0000000082400000, 0x0000000082400000|100%| O|  |TAMS 0x0000000082400000, 0x0000000082300000| Untracked 
|  36|0x0000000082400000, 0x0000000082500000, 0x0000000082500000|100%| O|  |TAMS 0x0000000082500000, 0x0000000082400000| Untracked 
|  37|0x0000000082500000, 0x0000000082600000, 0x0000000082600000|100%| O|  |TAMS 0x0000000082600000, 0x0000000082500000| Untracked 
|  38|0x0000000082600000, 0x0000000082700000, 0x0000000082700000|100%| O|  |TAMS 0x0000000082700000, 0x0000000082600000| Untracked 
|  39|0x0000000082700000, 0x0000000082800000, 0x0000000082800000|100%| O|  |TAMS 0x0000000082800000, 0x0000000082700000| Untracked 
|  40|0x0000000082800000, 0x0000000082900000, 0x0000000082900000|100%| O|  |TAMS 0x0000000082900000, 0x0000000082800000| Untracked 
|  41|0x0000000082900000, 0x0000000082900000, 0x0000000082a00000|  0%| F|  |TAMS 0x0000000082900000, 0x0000000082900000| Untracked 
|  42|0x0000000082a00000, 0x0000000082b00000, 0x0000000082b00000|100%| O|  |TAMS 0x0000000082b00000, 0x0000000082a00000| Untracked 
|  43|0x0000000082b00000, 0x0000000082c00000, 0x0000000082c00000|100%|HS|  |TAMS 0x0000000082c00000, 0x0000000082b00000| Complete 
|  44|0x0000000082c00000, 0x0000000082d00000, 0x0000000082d00000|100%|HC|  |TAMS 0x0000000082d00000, 0x0000000082c00000| Complete 
|  45|0x0000000082d00000, 0x0000000082e00000, 0x0000000082e00000|100%|HC|  |TAMS 0x0000000082e00000, 0x0000000082d00000| Complete 
|  46|0x0000000082e00000, 0x0000000082e00000, 0x0000000082f00000|  0%| F|  |TAMS 0x0000000082e00000, 0x0000000082e00000| Untracked 
|  47|0x0000000082f00000, 0x0000000083000000, 0x0000000083000000|100%| O|  |TAMS 0x0000000083000000, 0x0000000082f00000| Untracked 
|  48|0x0000000083000000, 0x0000000083100000, 0x0000000083100000|100%|HS|  |TAMS 0x0000000083100000, 0x0000000083000000| Complete 
|  49|0x0000000083100000, 0x0000000083200000, 0x0000000083200000|100%|HC|  |TAMS 0x0000000083200000, 0x0000000083100000| Complete 
|  50|0x0000000083200000, 0x0000000083300000, 0x0000000083300000|100%|HC|  |TAMS 0x0000000083300000, 0x0000000083200000| Complete 
|  51|0x0000000083300000, 0x0000000083400000, 0x0000000083400000|100%| O|  |TAMS 0x0000000083400000, 0x0000000083300000| Untracked 
|  52|0x0000000083400000, 0x0000000083500000, 0x0000000083500000|100%| O|  |TAMS 0x0000000083500000, 0x0000000083400000| Untracked 
|  53|0x0000000083500000, 0x0000000083600000, 0x0000000083600000|100%| O|  |TAMS 0x0000000083600000, 0x0000000083500000| Untracked 
|  54|0x0000000083600000, 0x0000000083700000, 0x0000000083700000|100%| O|  |TAMS 0x0000000083700000, 0x0000000083600000| Untracked 
|  55|0x0000000083700000, 0x0000000083800000, 0x0000000083800000|100%| O|  |TAMS 0x0000000083800000, 0x0000000083700000| Untracked 
|  56|0x0000000083800000, 0x0000000083900000, 0x0000000083900000|100%| O|  |TAMS 0x0000000083900000, 0x0000000083800000| Untracked 
|  57|0x0000000083900000, 0x0000000083a00000, 0x0000000083a00000|100%| O|  |TAMS 0x0000000083a00000, 0x0000000083900000| Untracked 
|  58|0x0000000083a00000, 0x0000000083b00000, 0x0000000083b00000|100%| O|  |TAMS 0x0000000083b00000, 0x0000000083a00000| Untracked 
|  59|0x0000000083b00000, 0x0000000083c00000, 0x0000000083c00000|100%| O|  |TAMS 0x0000000083c00000, 0x0000000083b00000| Untracked 
|  60|0x0000000083c00000, 0x0000000083c00000, 0x0000000083d00000|  0%| F|  |TAMS 0x0000000083c00000, 0x0000000083c00000| Untracked 
|  61|0x0000000083d00000, 0x0000000083d00000, 0x0000000083e00000|  0%| F|  |TAMS 0x0000000083d00000, 0x0000000083d00000| Untracked 
|  62|0x0000000083e00000, 0x0000000083f00000, 0x0000000083f00000|100%| O|  |TAMS 0x0000000083f00000, 0x0000000083e00000| Untracked 
|  63|0x0000000083f00000, 0x0000000084000000, 0x0000000084000000|100%| O|  |TAMS 0x0000000084000000, 0x0000000083f00000| Untracked 
|  64|0x0000000084000000, 0x0000000084100000, 0x0000000084100000|100%| O|  |TAMS 0x0000000084100000, 0x0000000084000000| Untracked 
|  65|0x0000000084100000, 0x0000000084200000, 0x0000000084200000|100%| O|  |TAMS 0x0000000084200000, 0x0000000084100000| Untracked 
|  66|0x0000000084200000, 0x0000000084300000, 0x0000000084300000|100%| O|  |TAMS 0x0000000084300000, 0x0000000084200000| Untracked 
|  67|0x0000000084300000, 0x0000000084400000, 0x0000000084400000|100%| O|  |TAMS 0x0000000084400000, 0x0000000084300000| Untracked 
|  68|0x0000000084400000, 0x0000000084500000, 0x0000000084500000|100%|HS|  |TAMS 0x0000000084400000, 0x0000000084400000| Complete 
|  69|0x0000000084500000, 0x0000000084600000, 0x0000000084600000|100%|HC|  |TAMS 0x0000000084500000, 0x0000000084500000| Complete 
|  70|0x0000000084600000, 0x0000000084700000, 0x0000000084700000|100%|HC|  |TAMS 0x0000000084600000, 0x0000000084600000| Complete 
|  71|0x0000000084700000, 0x0000000084800000, 0x0000000084800000|100%| O|  |TAMS 0x0000000084800000, 0x0000000084700000| Untracked 
|  72|0x0000000084800000, 0x0000000084900000, 0x0000000084900000|100%| O|  |TAMS 0x0000000084900000, 0x0000000084800000| Untracked 
|  73|0x0000000084900000, 0x0000000084a00000, 0x0000000084a00000|100%| O|  |TAMS 0x0000000084a00000, 0x0000000084900000| Untracked 
|  74|0x0000000084a00000, 0x0000000084b00000, 0x0000000084b00000|100%| O|  |TAMS 0x0000000084b00000, 0x0000000084a00000| Untracked 
|  75|0x0000000084b00000, 0x0000000084c00000, 0x0000000084c00000|100%| O|  |TAMS 0x0000000084c00000, 0x0000000084b00000| Untracked 
|  76|0x0000000084c00000, 0x0000000084c00000, 0x0000000084d00000|  0%| F|  |TAMS 0x0000000084c00000, 0x0000000084c00000| Untracked 
|  77|0x0000000084d00000, 0x0000000084e00000, 0x0000000084e00000|100%| O|  |TAMS 0x0000000084e00000, 0x0000000084d00000| Untracked 
|  78|0x0000000084e00000, 0x0000000084f00000, 0x0000000084f00000|100%| O|  |TAMS 0x0000000084f00000, 0x0000000084e00000| Untracked 
|  79|0x0000000084f00000, 0x0000000085000000, 0x0000000085000000|100%| O|  |TAMS 0x0000000085000000, 0x0000000084f00000| Untracked 
|  80|0x0000000085000000, 0x0000000085100000, 0x0000000085100000|100%|HS|  |TAMS 0x0000000085100000, 0x0000000085000000| Complete 
|  81|0x0000000085100000, 0x0000000085200000, 0x0000000085200000|100%|HS|  |TAMS 0x0000000085200000, 0x0000000085100000| Complete 
|  82|0x0000000085200000, 0x0000000085300000, 0x0000000085300000|100%|HS|  |TAMS 0x0000000085300000, 0x0000000085200000| Complete 
|  83|0x0000000085300000, 0x0000000085400000, 0x0000000085400000|100%|HS|  |TAMS 0x0000000085400000, 0x0000000085300000| Complete 
|  84|0x0000000085400000, 0x0000000085500000, 0x0000000085500000|100%|HS|  |TAMS 0x0000000085500000, 0x0000000085400000| Complete 
|  85|0x0000000085500000, 0x0000000085600000, 0x0000000085600000|100%| O|  |TAMS 0x0000000085600000, 0x0000000085500000| Untracked 
|  86|0x0000000085600000, 0x0000000085700000, 0x0000000085700000|100%| O|  |TAMS 0x0000000085700000, 0x0000000085600000| Untracked 
|  87|0x0000000085700000, 0x0000000085800000, 0x0000000085800000|100%| O|  |TAMS 0x0000000085800000, 0x0000000085700000| Untracked 
|  88|0x0000000085800000, 0x0000000085900000, 0x0000000085900000|100%| O|  |TAMS 0x0000000085900000, 0x0000000085800000| Untracked 
|  89|0x0000000085900000, 0x0000000085a00000, 0x0000000085a00000|100%| O|  |TAMS 0x0000000085a00000, 0x0000000085900000| Untracked 
|  90|0x0000000085a00000, 0x0000000085b00000, 0x0000000085b00000|100%| O|  |TAMS 0x0000000085b00000, 0x0000000085a00000| Untracked 
|  91|0x0000000085b00000, 0x0000000085c00000, 0x0000000085c00000|100%| O|  |TAMS 0x0000000085c00000, 0x0000000085b00000| Untracked 
|  92|0x0000000085c00000, 0x0000000085d00000, 0x0000000085d00000|100%|HS|  |TAMS 0x0000000085d00000, 0x0000000085c00000| Complete 
|  93|0x0000000085d00000, 0x0000000085e00000, 0x0000000085e00000|100%| O|  |TAMS 0x0000000085e00000, 0x0000000085d00000| Untracked 
|  94|0x0000000085e00000, 0x0000000085f00000, 0x0000000085f00000|100%| O|  |TAMS 0x0000000085f00000, 0x0000000085e00000| Untracked 
|  95|0x0000000085f00000, 0x0000000086000000, 0x0000000086000000|100%| O|  |TAMS 0x0000000086000000, 0x0000000085f00000| Untracked 
|  96|0x0000000086000000, 0x0000000086100000, 0x0000000086100000|100%| O|  |TAMS 0x0000000086100000, 0x0000000086000000| Untracked 
|  97|0x0000000086100000, 0x0000000086200000, 0x0000000086200000|100%| O|  |TAMS 0x0000000086200000, 0x0000000086100000| Untracked 
|  98|0x0000000086200000, 0x0000000086300000, 0x0000000086300000|100%| O|  |TAMS 0x000000008627ca00, 0x0000000086200000| Untracked 
|  99|0x0000000086300000, 0x0000000086400000, 0x0000000086400000|100%| O|  |TAMS 0x0000000086300000, 0x0000000086300000| Untracked 
| 100|0x0000000086400000, 0x0000000086500000, 0x0000000086500000|100%|HS|  |TAMS 0x0000000086500000, 0x0000000086400000| Complete 
| 101|0x0000000086500000, 0x0000000086600000, 0x0000000086600000|100%| O|  |TAMS 0x0000000086600000, 0x0000000086500000| Untracked 
| 102|0x0000000086600000, 0x0000000086700000, 0x0000000086700000|100%| O|  |TAMS 0x0000000086700000, 0x0000000086600000| Untracked 
| 103|0x0000000086700000, 0x0000000086800000, 0x0000000086800000|100%| O|  |TAMS 0x0000000086800000, 0x0000000086700000| Untracked 
| 104|0x0000000086800000, 0x0000000086900000, 0x0000000086900000|100%| O|  |TAMS 0x0000000086800000, 0x0000000086800000| Untracked 
| 105|0x0000000086900000, 0x0000000086a00000, 0x0000000086a00000|100%| O|  |TAMS 0x0000000086900000, 0x0000000086900000| Untracked 
| 106|0x0000000086a00000, 0x0000000086a06c00, 0x0000000086b00000|  2%| O|  |TAMS 0x0000000086a00000, 0x0000000086a00000| Untracked 
| 107|0x0000000086b00000, 0x0000000086b00000, 0x0000000086c00000|  0%| F|  |TAMS 0x0000000086b00000, 0x0000000086b00000| Untracked 
| 108|0x0000000086c00000, 0x0000000086c00000, 0x0000000086d00000|  0%| F|  |TAMS 0x0000000086c00000, 0x0000000086c00000| Untracked 
| 109|0x0000000086d00000, 0x0000000086d00000, 0x0000000086e00000|  0%| F|  |TAMS 0x0000000086d00000, 0x0000000086d00000| Untracked 
| 110|0x0000000086e00000, 0x0000000086e00000, 0x0000000086f00000|  0%| F|  |TAMS 0x0000000086e00000, 0x0000000086e00000| Untracked 
| 111|0x0000000086f00000, 0x0000000086f00000, 0x0000000087000000|  0%| F|  |TAMS 0x0000000086f00000, 0x0000000086f00000| Untracked 
| 112|0x0000000087000000, 0x0000000087000000, 0x0000000087100000|  0%| F|  |TAMS 0x0000000087000000, 0x0000000087000000| Untracked 
| 113|0x0000000087100000, 0x0000000087100000, 0x0000000087200000|  0%| F|  |TAMS 0x0000000087100000, 0x0000000087100000| Untracked 
| 114|0x0000000087200000, 0x0000000087200000, 0x0000000087300000|  0%| F|  |TAMS 0x0000000087200000, 0x0000000087200000| Untracked 
| 115|0x0000000087300000, 0x0000000087300000, 0x0000000087400000|  0%| F|  |TAMS 0x0000000087300000, 0x0000000087300000| Untracked 
| 116|0x0000000087400000, 0x0000000087400000, 0x0000000087500000|  0%| F|  |TAMS 0x0000000087400000, 0x0000000087400000| Untracked 
| 117|0x0000000087500000, 0x0000000087500000, 0x0000000087600000|  0%| F|  |TAMS 0x0000000087500000, 0x0000000087500000| Untracked 
| 118|0x0000000087600000, 0x0000000087600000, 0x0000000087700000|  0%| F|  |TAMS 0x0000000087600000, 0x0000000087600000| Untracked 
| 119|0x0000000087700000, 0x0000000087700000, 0x0000000087800000|  0%| F|  |TAMS 0x0000000087700000, 0x0000000087700000| Untracked 
| 120|0x0000000087800000, 0x0000000087800000, 0x0000000087900000|  0%| F|  |TAMS 0x0000000087800000, 0x0000000087800000| Untracked 
| 121|0x0000000087900000, 0x0000000087900000, 0x0000000087a00000|  0%| F|  |TAMS 0x0000000087900000, 0x0000000087900000| Untracked 
| 122|0x0000000087a00000, 0x0000000087a00000, 0x0000000087b00000|  0%| F|  |TAMS 0x0000000087a00000, 0x0000000087a00000| Untracked 
| 123|0x0000000087b00000, 0x0000000087b00000, 0x0000000087c00000|  0%| F|  |TAMS 0x0000000087b00000, 0x0000000087b00000| Untracked 
| 124|0x0000000087c00000, 0x0000000087c8c2e0, 0x0000000087d00000| 54%| S|CS|TAMS 0x0000000087c00000, 0x0000000087c00000| Complete 
| 125|0x0000000087d00000, 0x0000000087e00000, 0x0000000087e00000|100%| S|CS|TAMS 0x0000000087d00000, 0x0000000087d00000| Complete 
| 126|0x0000000087e00000, 0x0000000087f00000, 0x0000000087f00000|100%| S|CS|TAMS 0x0000000087e00000, 0x0000000087e00000| Complete 
| 127|0x0000000087f00000, 0x0000000087f00000, 0x0000000088000000|  0%| F|  |TAMS 0x0000000087f00000, 0x0000000087f00000| Untracked 
| 128|0x0000000088000000, 0x0000000088000000, 0x0000000088100000|  0%| F|  |TAMS 0x0000000088000000, 0x0000000088000000| Untracked 
| 129|0x0000000088100000, 0x0000000088100000, 0x0000000088200000|  0%| F|  |TAMS 0x0000000088100000, 0x0000000088100000| Untracked 
| 130|0x0000000088200000, 0x0000000088200000, 0x0000000088300000|  0%| F|  |TAMS 0x0000000088200000, 0x0000000088200000| Untracked 
| 131|0x0000000088300000, 0x0000000088300000, 0x0000000088400000|  0%| F|  |TAMS 0x0000000088300000, 0x0000000088300000| Untracked 
| 132|0x0000000088400000, 0x0000000088400000, 0x0000000088500000|  0%| F|  |TAMS 0x0000000088400000, 0x0000000088400000| Untracked 
| 133|0x0000000088500000, 0x0000000088500000, 0x0000000088600000|  0%| F|  |TAMS 0x0000000088500000, 0x0000000088500000| Untracked 
| 134|0x0000000088600000, 0x0000000088600000, 0x0000000088700000|  0%| F|  |TAMS 0x0000000088600000, 0x0000000088600000| Untracked 
| 135|0x0000000088700000, 0x0000000088700000, 0x0000000088800000|  0%| F|  |TAMS 0x0000000088700000, 0x0000000088700000| Untracked 
| 136|0x0000000088800000, 0x0000000088800000, 0x0000000088900000|  0%| F|  |TAMS 0x0000000088800000, 0x0000000088800000| Untracked 
| 137|0x0000000088900000, 0x0000000088900000, 0x0000000088a00000|  0%| F|  |TAMS 0x0000000088900000, 0x0000000088900000| Untracked 
| 138|0x0000000088a00000, 0x0000000088a00000, 0x0000000088b00000|  0%| F|  |TAMS 0x0000000088a00000, 0x0000000088a00000| Untracked 
| 139|0x0000000088b00000, 0x0000000088b00000, 0x0000000088c00000|  0%| F|  |TAMS 0x0000000088b00000, 0x0000000088b00000| Untracked 
| 140|0x0000000088c00000, 0x0000000088c00000, 0x0000000088d00000|  0%| F|  |TAMS 0x0000000088c00000, 0x0000000088c00000| Untracked 
| 141|0x0000000088d00000, 0x0000000088d00000, 0x0000000088e00000|  0%| F|  |TAMS 0x0000000088d00000, 0x0000000088d00000| Untracked 
| 142|0x0000000088e00000, 0x0000000088e00000, 0x0000000088f00000|  0%| F|  |TAMS 0x0000000088e00000, 0x0000000088e00000| Untracked 
| 143|0x0000000088f00000, 0x0000000088f00000, 0x0000000089000000|  0%| F|  |TAMS 0x0000000088f00000, 0x0000000088f00000| Untracked 
| 144|0x0000000089000000, 0x0000000089000000, 0x0000000089100000|  0%| F|  |TAMS 0x0000000089000000, 0x0000000089000000| Untracked 
| 145|0x0000000089100000, 0x0000000089100000, 0x0000000089200000|  0%| F|  |TAMS 0x0000000089100000, 0x0000000089100000| Untracked 
| 146|0x0000000089200000, 0x0000000089200000, 0x0000000089300000|  0%| F|  |TAMS 0x0000000089200000, 0x0000000089200000| Untracked 
| 147|0x0000000089300000, 0x0000000089300000, 0x0000000089400000|  0%| F|  |TAMS 0x0000000089300000, 0x0000000089300000| Untracked 
| 148|0x0000000089400000, 0x0000000089400000, 0x0000000089500000|  0%| F|  |TAMS 0x0000000089400000, 0x0000000089400000| Untracked 
| 149|0x0000000089500000, 0x0000000089500000, 0x0000000089600000|  0%| F|  |TAMS 0x0000000089500000, 0x0000000089500000| Untracked 
| 150|0x0000000089600000, 0x0000000089600000, 0x0000000089700000|  0%| F|  |TAMS 0x0000000089600000, 0x0000000089600000| Untracked 
| 151|0x0000000089700000, 0x0000000089700000, 0x0000000089800000|  0%| F|  |TAMS 0x0000000089700000, 0x0000000089700000| Untracked 
| 152|0x0000000089800000, 0x0000000089800000, 0x0000000089900000|  0%| F|  |TAMS 0x0000000089800000, 0x0000000089800000| Untracked 
| 153|0x0000000089900000, 0x0000000089900000, 0x0000000089a00000|  0%| F|  |TAMS 0x0000000089900000, 0x0000000089900000| Untracked 
| 154|0x0000000089a00000, 0x0000000089a00000, 0x0000000089b00000|  0%| F|  |TAMS 0x0000000089a00000, 0x0000000089a00000| Untracked 
| 155|0x0000000089b00000, 0x0000000089b00000, 0x0000000089c00000|  0%| F|  |TAMS 0x0000000089b00000, 0x0000000089b00000| Untracked 
| 156|0x0000000089c00000, 0x0000000089c00000, 0x0000000089d00000|  0%| F|  |TAMS 0x0000000089c00000, 0x0000000089c00000| Untracked 
| 157|0x0000000089d00000, 0x0000000089d00000, 0x0000000089e00000|  0%| F|  |TAMS 0x0000000089d00000, 0x0000000089d00000| Untracked 
| 158|0x0000000089e00000, 0x0000000089e00000, 0x0000000089f00000|  0%| F|  |TAMS 0x0000000089e00000, 0x0000000089e00000| Untracked 
| 159|0x0000000089f00000, 0x0000000089f00000, 0x000000008a000000|  0%| F|  |TAMS 0x0000000089f00000, 0x0000000089f00000| Untracked 
| 160|0x000000008a000000, 0x000000008a000000, 0x000000008a100000|  0%| F|  |TAMS 0x000000008a000000, 0x000000008a000000| Untracked 
| 161|0x000000008a100000, 0x000000008a100000, 0x000000008a200000|  0%| F|  |TAMS 0x000000008a100000, 0x000000008a100000| Untracked 
| 162|0x000000008a200000, 0x000000008a200000, 0x000000008a300000|  0%| F|  |TAMS 0x000000008a200000, 0x000000008a200000| Untracked 
| 163|0x000000008a300000, 0x000000008a300000, 0x000000008a400000|  0%| F|  |TAMS 0x000000008a300000, 0x000000008a300000| Untracked 
| 164|0x000000008a400000, 0x000000008a400000, 0x000000008a500000|  0%| F|  |TAMS 0x000000008a400000, 0x000000008a400000| Untracked 
| 165|0x000000008a500000, 0x000000008a500000, 0x000000008a600000|  0%| F|  |TAMS 0x000000008a500000, 0x000000008a500000| Untracked 
| 166|0x000000008a600000, 0x000000008a600000, 0x000000008a700000|  0%| F|  |TAMS 0x000000008a600000, 0x000000008a600000| Untracked 
| 167|0x000000008a700000, 0x000000008a700000, 0x000000008a800000|  0%| F|  |TAMS 0x000000008a700000, 0x000000008a700000| Untracked 
| 168|0x000000008a800000, 0x000000008a800000, 0x000000008a900000|  0%| F|  |TAMS 0x000000008a800000, 0x000000008a800000| Untracked 
| 169|0x000000008a900000, 0x000000008a900000, 0x000000008aa00000|  0%| F|  |TAMS 0x000000008a900000, 0x000000008a900000| Untracked 
| 170|0x000000008aa00000, 0x000000008aa00000, 0x000000008ab00000|  0%| F|  |TAMS 0x000000008aa00000, 0x000000008aa00000| Untracked 
| 171|0x000000008ab00000, 0x000000008ab00000, 0x000000008ac00000|  0%| F|  |TAMS 0x000000008ab00000, 0x000000008ab00000| Untracked 
| 172|0x000000008ac00000, 0x000000008ac00000, 0x000000008ad00000|  0%| F|  |TAMS 0x000000008ac00000, 0x000000008ac00000| Untracked 
| 173|0x000000008ad00000, 0x000000008ad00000, 0x000000008ae00000|  0%| F|  |TAMS 0x000000008ad00000, 0x000000008ad00000| Untracked 
| 174|0x000000008ae00000, 0x000000008ae00000, 0x000000008af00000|  0%| F|  |TAMS 0x000000008ae00000, 0x000000008ae00000| Untracked 
| 175|0x000000008af00000, 0x000000008af00000, 0x000000008b000000|  0%| F|  |TAMS 0x000000008af00000, 0x000000008af00000| Untracked 
| 176|0x000000008b000000, 0x000000008b000000, 0x000000008b100000|  0%| F|  |TAMS 0x000000008b000000, 0x000000008b000000| Untracked 
| 177|0x000000008b100000, 0x000000008b100000, 0x000000008b200000|  0%| F|  |TAMS 0x000000008b100000, 0x000000008b100000| Untracked 
| 178|0x000000008b200000, 0x000000008b200000, 0x000000008b300000|  0%| F|  |TAMS 0x000000008b200000, 0x000000008b200000| Untracked 
| 179|0x000000008b300000, 0x000000008b300000, 0x000000008b400000|  0%| F|  |TAMS 0x000000008b300000, 0x000000008b300000| Untracked 

Card table byte_map: [0x000001c34d570000,0x000001c34d970000] _byte_map_base: 0x000001c34d170000

Marking Bits (Prev, Next): (CMBitMap*) 0x000001c336563d70, (CMBitMap*) 0x000001c336563db0
 Prev Bits: [0x000001c34dd70000, 0x000001c34fd70000)
 Next Bits: [0x000001c34fd70000, 0x000001c351d70000)

Polling page: 0x000001c3344f0000

Metaspace:

Usage:
  Non-class:     75.91 MB used.
      Class:     12.08 MB used.
       Both:     88.00 MB used.

Virtual space:
  Non-class space:      128.00 MB reserved,      76.38 MB ( 60%) committed,  2 nodes.
      Class space:      416.00 MB reserved,      12.50 MB (  3%) committed,  1 nodes.
             Both:      544.00 MB reserved,      88.88 MB ( 16%) committed. 

Chunk freelists:
   Non-Class:  3.64 MB
       Class:  3.52 MB
        Both:  7.16 MB

MaxMetaspaceSize: 512.00 MB
CompressedClassSpaceSize: 416.00 MB
Initial GC threshold: 21.00 MB
Current GC threshold: 140.12 MB
CDS: on
MetaspaceReclaimPolicy: balanced
 - commit_granule_bytes: 65536.
 - commit_granule_words: 8192.
 - virtual_space_node_default_size: 8388608.
 - enlarge_chunks_in_place: 1.
 - new_chunks_are_fully_committed: 0.
 - uncommit_free_chunks: 1.
 - use_allocation_guard: 0.
 - handle_deallocations: 1.


Internal statistics:

num_allocs_failed_limit: 6.
num_arena_births: 1172.
num_arena_deaths: 0.
num_vsnodes_births: 3.
num_vsnodes_deaths: 0.
num_space_committed: 1422.
num_space_uncommitted: 0.
num_chunks_returned_to_freelist: 6.
num_chunks_taken_from_freelist: 5103.
num_chunk_merges: 6.
num_chunk_splits: 3305.
num_chunks_enlarged: 2125.
num_inconsistent_stats: 0.

CodeHeap 'non-profiled nmethods': size=120000Kb used=6625Kb max_used=6625Kb free=113374Kb
 bounds [0x000001c345c40000, 0x000001c3462c0000, 0x000001c34d170000]
CodeHeap 'profiled nmethods': size=120000Kb used=20138Kb max_used=20550Kb free=99861Kb
 bounds [0x000001c33e170000, 0x000001c33f590000, 0x000001c3456a0000]
CodeHeap 'non-nmethods': size=5760Kb used=2398Kb max_used=2447Kb free=3361Kb
 bounds [0x000001c3456a0000, 0x000001c345910000, 0x000001c345c40000]
 total_blobs=11332 nmethods=10400 adapters=845
 compilation: enabled
              stopped_count=0, restarted_count=0
 full_count=0

Compilation events (20 events):
Event: 146.166 Thread 0x000001c354246690 12072       3       kotlin.collections.CollectionsKt___CollectionsKt::last (75 bytes)
Event: 146.167 Thread 0x000001c354246690 nmethod 12072 0x000001c33e874f10 code [0x000001c33e8751c0, 0x000001c33e875fa8]
Event: 146.172 Thread 0x000001c354246690 12075       3       kotlin.Pair::<init> (15 bytes)
Event: 146.173 Thread 0x000001c354246690 nmethod 12075 0x000001c33e8aa190 code [0x000001c33e8aa340, 0x000001c33e8aa558]
Event: 146.173 Thread 0x000001c354246690 12076       1       org.gradle.api.internal.artifacts.configurations.DefaultConfiguration::access$2500 (5 bytes)
Event: 146.174 Thread 0x000001c354246690 nmethod 12076 0x000001c3462b6690 code [0x000001c3462b6820, 0x000001c3462b68d8]
Event: 146.177 Thread 0x000001c354246690 12077       3       kotlin.collections.ArraysKt___ArraysKt::toCollection (45 bytes)
Event: 146.179 Thread 0x000001c354246690 nmethod 12077 0x000001c33e873c10 code [0x000001c33e873ec0, 0x000001c33e874a88]
Event: 146.180 Thread 0x000001c354246690 12078       3       org.gradle.api.internal.artifacts.configurations.DefaultConfiguration::assertUsageIsMutable (92 bytes)
Event: 146.182 Thread 0x000001c354244ca0 nmethod 12057 0x000001c3462b6990 code [0x000001c3462b6ba0, 0x000001c3462b7778]
Event: 146.183 Thread 0x000001c354244ca0 12062       4       java.util.LinkedHashMap::get (29 bytes)
Event: 146.183 Thread 0x000001c354246690 nmethod 12078 0x000001c33e2f5310 code [0x000001c33e2f56c0, 0x000001c33e2f72a8]
Event: 146.183 Thread 0x000001c354246690 12079       3       org.jetbrains.kotlin.gradle.plugin.sources.DefaultKotlinSourceSet_Decorated::getName (40 bytes)
Event: 146.184 Thread 0x000001c354246690 nmethod 12079 0x000001c33e2c7890 code [0x000001c33e2c7a60, 0x000001c33e2c7db8]
Event: 146.195 Thread 0x000001c354244ca0 nmethod 12062 0x000001c3462b7e90 code [0x000001c3462b8040, 0x000001c3462b8388]
Event: 146.195 Thread 0x000001c354244ca0 12073       4       java.lang.reflect.Method::invoke (65 bytes)
Event: 146.227 Thread 0x000001c354246690 12080       3       org.gradle.internal.extensibility.DefaultConvention::getByName (9 bytes)
Event: 146.228 Thread 0x000001c354246690 nmethod 12080 0x000001c33e2f4910 code [0x000001c33e2f4ae0, 0x000001c33e2f4f98]
Event: 146.228 Thread 0x000001c354246690 12081       3       org.gradle.internal.extensibility.ExtensionsStorage::getByName (18 bytes)
Event: 146.229 Thread 0x000001c354246690 nmethod 12081 0x000001c33e873210 code [0x000001c33e8733e0, 0x000001c33e873818]

GC Heap History (20 events):
Event: 131.174 GC heap after
{Heap after GC invocations=59 (full 0):
 garbage-first heap   total 134144K, used 98304K [0x0000000080000000, 0x0000000100000000)
  region size 1024K, 1 young (1024K), 1 survivors (1024K)
 Metaspace       used 79568K, committed 80512K, reserved 557056K
  class space    used 11029K, committed 11456K, reserved 425984K
}
Event: 134.652 GC heap before
{Heap before GC invocations=59 (full 0):
 garbage-first heap   total 134144K, used 113664K [0x0000000080000000, 0x0000000100000000)
  region size 1024K, 16 young (16384K), 1 survivors (1024K)
 Metaspace       used 81431K, committed 82304K, reserved 557056K
  class space    used 11239K, committed 11648K, reserved 425984K
}
Event: 134.662 GC heap after
{Heap after GC invocations=60 (full 0):
 garbage-first heap   total 134144K, used 99932K [0x0000000080000000, 0x0000000100000000)
  region size 1024K, 2 young (2048K), 2 survivors (2048K)
 Metaspace       used 81431K, committed 82304K, reserved 557056K
  class space    used 11239K, committed 11648K, reserved 425984K
}
Event: 135.175 GC heap before
{Heap before GC invocations=60 (full 0):
 garbage-first heap   total 134144K, used 119388K [0x0000000080000000, 0x0000000100000000)
  region size 1024K, 16 young (16384K), 2 survivors (2048K)
 Metaspace       used 81605K, committed 82496K, reserved 557056K
  class space    used 11274K, committed 11712K, reserved 425984K
}
Event: 135.192 GC heap after
{Heap after GC invocations=61 (full 0):
 garbage-first heap   total 134144K, used 104026K [0x0000000080000000, 0x0000000100000000)
  region size 1024K, 2 young (2048K), 2 survivors (2048K)
 Metaspace       used 81605K, committed 82496K, reserved 557056K
  class space    used 11274K, committed 11712K, reserved 425984K
}
Event: 136.094 GC heap before
{Heap before GC invocations=61 (full 0):
 garbage-first heap   total 134144K, used 114266K [0x0000000080000000, 0x0000000100000000)
  region size 1024K, 12 young (12288K), 2 survivors (2048K)
 Metaspace       used 82234K, committed 83136K, reserved 557056K
  class space    used 11365K, committed 11776K, reserved 425984K
}
Event: 136.102 GC heap after
{Heap after GC invocations=62 (full 0):
 garbage-first heap   total 134144K, used 104504K [0x0000000080000000, 0x0000000100000000)
  region size 1024K, 1 young (1024K), 1 survivors (1024K)
 Metaspace       used 82234K, committed 83136K, reserved 557056K
  class space    used 11365K, committed 11776K, reserved 425984K
}
Event: 137.221 GC heap before
{Heap before GC invocations=62 (full 0):
 garbage-first heap   total 134144K, used 114744K [0x0000000080000000, 0x0000000100000000)
  region size 1024K, 11 young (11264K), 1 survivors (1024K)
 Metaspace       used 83023K, committed 83904K, reserved 557056K
  class space    used 11456K, committed 11904K, reserved 425984K
}
Event: 137.228 GC heap after
{Heap after GC invocations=63 (full 0):
 garbage-first heap   total 134144K, used 104994K [0x0000000080000000, 0x0000000100000000)
  region size 1024K, 1 young (1024K), 1 survivors (1024K)
 Metaspace       used 83023K, committed 83904K, reserved 557056K
  class space    used 11456K, committed 11904K, reserved 425984K
}
Event: 138.140 GC heap before
{Heap before GC invocations=63 (full 0):
 garbage-first heap   total 134144K, used 115234K [0x0000000080000000, 0x0000000100000000)
  region size 1024K, 11 young (11264K), 1 survivors (1024K)
 Metaspace       used 83669K, committed 84544K, reserved 557056K
  class space    used 11545K, committed 11968K, reserved 425984K
}
Event: 138.150 GC heap after
{Heap after GC invocations=64 (full 0):
 garbage-first heap   total 134144K, used 105633K [0x0000000080000000, 0x0000000100000000)
  region size 1024K, 2 young (2048K), 2 survivors (2048K)
 Metaspace       used 83669K, committed 84544K, reserved 557056K
  class space    used 11545K, committed 11968K, reserved 425984K
}
Event: 139.143 GC heap before
{Heap before GC invocations=64 (full 0):
 garbage-first heap   total 134144K, used 115873K [0x0000000080000000, 0x0000000100000000)
  region size 1024K, 12 young (12288K), 2 survivors (2048K)
 Metaspace       used 84314K, committed 85248K, reserved 557056K
  class space    used 11625K, committed 12032K, reserved 425984K
}
Event: 139.157 GC heap after
{Heap after GC invocations=65 (full 0):
 garbage-first heap   total 134144K, used 106303K [0x0000000080000000, 0x0000000100000000)
  region size 1024K, 2 young (2048K), 2 survivors (2048K)
 Metaspace       used 84314K, committed 85248K, reserved 557056K
  class space    used 11625K, committed 12032K, reserved 425984K
}
Event: 140.101 GC heap before
{Heap before GC invocations=65 (full 0):
 garbage-first heap   total 134144K, used 115519K [0x0000000080000000, 0x0000000100000000)
  region size 1024K, 11 young (11264K), 2 survivors (2048K)
 Metaspace       used 84988K, committed 85888K, reserved 557056K
  class space    used 11700K, committed 12096K, reserved 425984K
}
Event: 140.108 GC heap after
{Heap after GC invocations=66 (full 0):
 garbage-first heap   total 134144K, used 106646K [0x0000000080000000, 0x0000000100000000)
  region size 1024K, 2 young (2048K), 2 survivors (2048K)
 Metaspace       used 84988K, committed 85888K, reserved 557056K
  class space    used 11700K, committed 12096K, reserved 425984K
}
Event: 141.187 GC heap before
{Heap before GC invocations=67 (full 0):
 garbage-first heap   total 184320K, used 112790K [0x0000000080000000, 0x0000000100000000)
  region size 1024K, 9 young (9216K), 2 survivors (2048K)
 Metaspace       used 85934K, committed 86848K, reserved 557056K
  class space    used 11794K, committed 12224K, reserved 425984K
}
Event: 141.201 GC heap after
{Heap after GC invocations=68 (full 0):
 garbage-first heap   total 184320K, used 107055K [0x0000000080000000, 0x0000000100000000)
  region size 1024K, 2 young (2048K), 2 survivors (2048K)
 Metaspace       used 85934K, committed 86848K, reserved 557056K
  class space    used 11794K, committed 12224K, reserved 425984K
}
Event: 142.029 GC heap before
{Heap before GC invocations=68 (full 0):
 garbage-first heap   total 184320K, used 114223K [0x0000000080000000, 0x0000000100000000)
  region size 1024K, 9 young (9216K), 2 survivors (2048K)
 Metaspace       used 86402K, committed 87296K, reserved 557056K
  class space    used 11863K, committed 12288K, reserved 425984K
}
Event: 142.047 GC heap after
{Heap after GC invocations=69 (full 0):
 garbage-first heap   total 184320K, used 101460K [0x0000000080000000, 0x0000000100000000)
  region size 1024K, 2 young (2048K), 2 survivors (2048K)
 Metaspace       used 86402K, committed 87296K, reserved 557056K
  class space    used 11863K, committed 12288K, reserved 425984K
}
Event: 146.247 GC heap before
{Heap before GC invocations=69 (full 0):
 garbage-first heap   total 184320K, used 156756K [0x0000000080000000, 0x0000000100000000)
  region size 1024K, 53 young (54272K), 2 survivors (2048K)
 Metaspace       used 90107K, committed 91008K, reserved 557056K
  class space    used 12371K, committed 12800K, reserved 425984K
}

Dll operation events (15 events):
Event: 0.027 Loaded shared library C:\Program Files\Zulu\zulu-17\bin\java.dll
Event: 0.095 Loaded shared library C:\Program Files\Zulu\zulu-17\bin\jsvml.dll
Event: 0.312 Loaded shared library C:\Program Files\Zulu\zulu-17\bin\zip.dll
Event: 0.321 Loaded shared library C:\Program Files\Zulu\zulu-17\bin\instrument.dll
Event: 0.333 Loaded shared library C:\Program Files\Zulu\zulu-17\bin\net.dll
Event: 0.339 Loaded shared library C:\Program Files\Zulu\zulu-17\bin\nio.dll
Event: 0.350 Loaded shared library C:\Program Files\Zulu\zulu-17\bin\zip.dll
Event: 1.523 Loaded shared library C:\Program Files\Zulu\zulu-17\bin\jimage.dll
Event: 2.302 Loaded shared library C:\Program Files\Zulu\zulu-17\bin\verify.dll
Event: 2.754 Loaded shared library C:\Users\User\.gradle\native\1def1411415f61bf3af743bc5b6707747c0891f09f0c88961ee8f79bc544acac\windows-amd64\native-platform.dll
Event: 2.805 Loaded shared library C:\Users\User\.gradle\native\0.2.7\x86_64-windows-gnu\gradle-fileevents.dll
Event: 10.109 Loaded shared library C:\Program Files\Zulu\zulu-17\bin\management.dll
Event: 10.169 Loaded shared library C:\Program Files\Zulu\zulu-17\bin\management_ext.dll
Event: 12.894 Loaded shared library C:\Program Files\Zulu\zulu-17\bin\extnet.dll
Event: 14.608 Loaded shared library C:\Program Files\Zulu\zulu-17\bin\sunmscapi.dll

Deoptimization events (20 events):
Event: 144.447 Thread 0x000001c3746ddec0 DEOPT PACKING pc=0x000001c345d24754 sp=0x00000013b8ef3bf0
Event: 144.448 Thread 0x000001c3746ddec0 DEOPT UNPACKING pc=0x000001c3456f69a3 sp=0x00000013b8ef3bb8 mode 2
Event: 145.260 Thread 0x000001c3746ddec0 DEOPT PACKING pc=0x000001c33eb12c31 sp=0x00000013b8ef29e0
Event: 145.260 Thread 0x000001c3746ddec0 DEOPT UNPACKING pc=0x000001c3456f7143 sp=0x00000013b8ef1ed8 mode 0
Event: 146.083 Thread 0x000001c3746ddec0 Uncommon trap: trap_request=0xffffffde fr.pc=0x000001c34621e434 relative=0x0000000000000c14
Event: 146.083 Thread 0x000001c3746ddec0 Uncommon trap: reason=class_check action=maybe_recompile pc=0x000001c34621e434 method=org.gradle.internal.snapshot.impl.AbstractValueProcessor.processValue(Ljava/lang/Object;Lorg/gradle/internal/snapshot/impl/AbstractValueProcessor$ValueVisitor;)Ljava/lan
Event: 146.083 Thread 0x000001c3746ddec0 DEOPT PACKING pc=0x000001c34621e434 sp=0x00000013b8ef3dd0
Event: 146.083 Thread 0x000001c3746ddec0 DEOPT UNPACKING pc=0x000001c3456f69a3 sp=0x00000013b8ef3d78 mode 2
Event: 146.084 Thread 0x000001c3746ddec0 Uncommon trap: trap_request=0xffffffde fr.pc=0x000001c34621e434 relative=0x0000000000000c14
Event: 146.084 Thread 0x000001c3746ddec0 Uncommon trap: reason=class_check action=maybe_recompile pc=0x000001c34621e434 method=org.gradle.internal.snapshot.impl.AbstractValueProcessor.processValue(Ljava/lang/Object;Lorg/gradle/internal/snapshot/impl/AbstractValueProcessor$ValueVisitor;)Ljava/lan
Event: 146.084 Thread 0x000001c3746ddec0 DEOPT PACKING pc=0x000001c34621e434 sp=0x00000013b8ef3dd0
Event: 146.084 Thread 0x000001c3746ddec0 DEOPT UNPACKING pc=0x000001c3456f69a3 sp=0x00000013b8ef3d78 mode 2
Event: 146.086 Thread 0x000001c3746ddec0 Uncommon trap: trap_request=0xffffffde fr.pc=0x000001c34621e434 relative=0x0000000000000c14
Event: 146.086 Thread 0x000001c3746ddec0 Uncommon trap: reason=class_check action=maybe_recompile pc=0x000001c34621e434 method=org.gradle.internal.snapshot.impl.AbstractValueProcessor.processValue(Ljava/lang/Object;Lorg/gradle/internal/snapshot/impl/AbstractValueProcessor$ValueVisitor;)Ljava/lan
Event: 146.086 Thread 0x000001c3746ddec0 DEOPT PACKING pc=0x000001c34621e434 sp=0x00000013b8ef3dd0
Event: 146.086 Thread 0x000001c3746ddec0 DEOPT UNPACKING pc=0x000001c3456f69a3 sp=0x00000013b8ef3d78 mode 2
Event: 146.088 Thread 0x000001c3746ddec0 Uncommon trap: trap_request=0xffffffde fr.pc=0x000001c34621e434 relative=0x0000000000000c14
Event: 146.088 Thread 0x000001c3746ddec0 Uncommon trap: reason=class_check action=maybe_recompile pc=0x000001c34621e434 method=org.gradle.internal.snapshot.impl.AbstractValueProcessor.processValue(Ljava/lang/Object;Lorg/gradle/internal/snapshot/impl/AbstractValueProcessor$ValueVisitor;)Ljava/lan
Event: 146.088 Thread 0x000001c3746ddec0 DEOPT PACKING pc=0x000001c34621e434 sp=0x00000013b8ef3dd0
Event: 146.089 Thread 0x000001c3746ddec0 DEOPT UNPACKING pc=0x000001c3456f69a3 sp=0x00000013b8ef3d78 mode 2

Classes loaded (20 events):
Event: 134.608 Loading class java/util/Base64$Decoder
Event: 134.609 Loading class java/util/Base64$Decoder done
Event: 134.610 Loading class java/util/Base64$Encoder
Event: 134.611 Loading class java/util/Base64$Encoder done
Event: 134.614 Loading class java/util/jar/JarVerifier$VerifierStream
Event: 134.615 Loading class java/util/jar/JarVerifier$VerifierStream done
Event: 134.615 Loading class sun/security/util/ManifestEntryVerifier$SunProviderHolder
Event: 134.616 Loading class sun/security/util/ManifestEntryVerifier$SunProviderHolder done
Event: 134.944 Loading class java/security/KeyStore$ProtectionParameter
Event: 134.945 Loading class java/security/KeyStore$ProtectionParameter done
Event: 138.610 Loading class java/security/KeyStore
Event: 138.612 Loading class java/security/KeyStore done
Event: 138.612 Loading class java/security/KeyStore$1
Event: 138.618 Loading class java/security/KeyStore$1 done
Event: 139.645 Loading class javax/xml/stream/XMLStreamException
Event: 139.646 Loading class javax/xml/stream/XMLStreamException done
Event: 140.095 Loading class java/lang/StackTraceElement$HashedModules
Event: 140.096 Loading class java/lang/StackTraceElement$HashedModules done
Event: 140.969 Loading class java/io/CharArrayReader
Event: 140.970 Loading class java/io/CharArrayReader done

Classes unloaded (0 events):
No events

Classes redefined (0 events):
No events

Internal exceptions (20 events):
Event: 115.541 Thread 0x000001c378fc3c10 Exception <a 'sun/nio/fs/WindowsException'{0x0000000086984928}> (0x0000000086984928) 
thrown [s\src\hotspot\share\prims\jni.cpp, line 516]
Event: 115.553 Thread 0x000001c378fc3c10 Exception <a 'sun/nio/fs/WindowsException'{0x000000008698c8a0}> (0x000000008698c8a0) 
thrown [s\src\hotspot\share\prims\jni.cpp, line 516]
Event: 115.556 Thread 0x000001c378fc3c10 Exception <a 'sun/nio/fs/WindowsException'{0x000000008698f168}> (0x000000008698f168) 
thrown [s\src\hotspot\share\prims\jni.cpp, line 516]
Event: 115.560 Thread 0x000001c378fc3c10 Exception <a 'sun/nio/fs/WindowsException'{0x0000000086991660}> (0x0000000086991660) 
thrown [s\src\hotspot\share\prims\jni.cpp, line 516]
Event: 116.130 Thread 0x000001c375d6d0e0 Implicit null exception at 0x000001c3461d6202 to 0x000001c3461d67f8
Event: 125.623 Thread 0x000001c3746ddec0 Exception <a 'java/lang/ClassNotFoundException'{0x0000000086fcc6d0}: build_7f5st60n3orxlfarj95ca5wrpBeanInfo> (0x0000000086fcc6d0) 
thrown [s\src\hotspot\share\classfile\systemDictionary.cpp, line 259]
Event: 125.626 Thread 0x000001c3746ddec0 Exception <a 'java/lang/ClassNotFoundException'{0x0000000086fd3ba0}: build_7f5st60n3orxlfarj95ca5wrpCustomizer> (0x0000000086fd3ba0) 
thrown [s\src\hotspot\share\classfile\systemDictionary.cpp, line 259]
Event: 126.307 Thread 0x000001c3746ddec0 Exception <a 'java/lang/ClassNotFoundException'{0x000000008820f318}: org/gradle/api/internal/plugins/DefaultObjectConfigurationActionBeanInfo> (0x000000008820f318) 
thrown [s\src\hotspot\share\classfile\systemDictionary.cpp, line 259]
Event: 126.322 Thread 0x000001c3746ddec0 Exception <a 'java/lang/ClassNotFoundException'{0x0000000088230e98}: org/gradle/api/internal/plugins/DefaultObjectConfigurationActionCustomizer> (0x0000000088230e98) 
thrown [s\src\hotspot\share\classfile\systemDictionary.cpp, line 259]
Event: 126.593 Thread 0x000001c3746ddec0 Exception <a 'java/lang/ClassNotFoundException'{0x00000000881e33c8}: build_9o3wnpfiq0k9s15hc5qltn80pBeanInfo> (0x00000000881e33c8) 
thrown [s\src\hotspot\share\classfile\systemDictionary.cpp, line 259]
Event: 126.610 Thread 0x000001c3746ddec0 Exception <a 'java/lang/ClassNotFoundException'{0x00000000881f06a0}: build_9o3wnpfiq0k9s15hc5qltn80pCustomizer> (0x00000000881f06a0) 
thrown [s\src\hotspot\share\classfile\systemDictionary.cpp, line 259]
Event: 133.965 Thread 0x000001c3746ddec0 Implicit null exception at 0x000001c345e3e40c to 0x000001c345e3e542
Event: 141.378 Thread 0x000001c3746ddec0 Implicit null exception at 0x000001c345f74148 to 0x000001c345f74208
Event: 143.100 Thread 0x000001c3746ddec0 Exception <a 'java/lang/NoSuchMethodError'{0x000000008abf50d0}: static Lorg/jetbrains/kotlin/gradle/plugin/internal/DefaultProjectIsolationStartParameterAccessor$Factory;.<clinit>()V> (0x000000008abf50d0) 
thrown [s\src\hotspot\share\prims\jni.cpp, line 1112]
Event: 143.112 Thread 0x000001c3746ddec0 Exception <a 'java/lang/NoSuchMethodError'{0x000000008a815200}: static Lorg/jetbrains/kotlin/gradle/plugin/internal/DefaultJavaExecTaskParametersCompatibility$Factory;.<clinit>()V> (0x000000008a815200) 
thrown [s\src\hotspot\share\prims\jni.cpp, line 1112]
Event: 143.126 Thread 0x000001c3746ddec0 Exception <a 'java/lang/NoSuchMethodError'{0x000000008a841870}: static Lorg/jetbrains/kotlin/gradle/plugin/internal/DefaultMavenPublicationComponentAccessorFactory;.<clinit>()V> (0x000000008a841870) 
thrown [s\src\hotspot\share\prims\jni.cpp, line 1112]
Event: 143.137 Thread 0x000001c3746ddec0 Exception <a 'java/lang/NoSuchMethodError'{0x000000008a86a430}: static Lorg/jetbrains/kotlin/gradle/plugin/internal/DefaultCompatibilityConventionRegistrar$Factory;.<clinit>()V> (0x000000008a86a430) 
thrown [s\src\hotspot\share\prims\jni.cpp, line 1112]
Event: 143.153 Thread 0x000001c3746ddec0 Exception <a 'java/lang/NoSuchMethodError'{0x000000008a88a798}: static Lorg/jetbrains/kotlin/gradle/plugin/internal/DefaultConfigurationCacheStartParameterAccessorVariantFactory;.<clinit>()V> (0x000000008a88a798) 
thrown [s\src\hotspot\share\prims\jni.cpp, line 1112]
Event: 144.368 Thread 0x000001c3746ddec0 Exception <a 'java/lang/NoSuchMethodError'{0x000000008a3b8ea8}: static Ljava/lang/Object;.<clinit>()V> (0x000000008a3b8ea8) 
thrown [s\src\hotspot\share\prims\jni.cpp, line 1112]
Event: 144.442 Thread 0x000001c3746ddec0 Exception <a 'java/lang/NoSuchMethodError'{0x000000008a209838}: static Lorg/jetbrains/kotlin/gradle/plugin/statistics/MetricContainer;.<clinit>()V> (0x000000008a209838) 
thrown [s\src\hotspot\share\prims\jni.cpp, line 1112]

VM Operations (20 events):
Event: 139.157 Executing VM operation: G1CollectForAllocation done
Event: 140.101 Executing VM operation: G1CollectForAllocation
Event: 140.109 Executing VM operation: G1CollectForAllocation done
Event: 140.644 Executing VM operation: G1PauseRemark
Event: 140.668 Executing VM operation: G1PauseRemark done
Event: 140.858 Executing VM operation: G1PauseCleanup
Event: 140.859 Executing VM operation: G1PauseCleanup done
Event: 141.186 Executing VM operation: G1CollectForAllocation
Event: 141.201 Executing VM operation: G1CollectForAllocation done
Event: 142.029 Executing VM operation: G1CollectForAllocation
Event: 142.047 Executing VM operation: G1CollectForAllocation done
Event: 143.061 Executing VM operation: Cleanup
Event: 143.062 Executing VM operation: Cleanup done
Event: 144.078 Executing VM operation: Cleanup
Event: 144.119 Executing VM operation: Cleanup done
Event: 145.122 Executing VM operation: Cleanup
Event: 145.123 Executing VM operation: Cleanup done
Event: 146.134 Executing VM operation: Cleanup
Event: 146.135 Executing VM operation: Cleanup done
Event: 146.247 Executing VM operation: G1CollectForAllocation

Memory protections (0 events):
No events

Nmethod flushes (20 events):
Event: 121.754 Thread 0x000001c354259860 flushing  nmethod 0x000001c33f13d710
Event: 121.754 Thread 0x000001c354259860 flushing  nmethod 0x000001c33f141690
Event: 121.754 Thread 0x000001c354259860 flushing  nmethod 0x000001c33f144890
Event: 121.754 Thread 0x000001c354259860 flushing  nmethod 0x000001c33f14a510
Event: 121.754 Thread 0x000001c354259860 flushing  nmethod 0x000001c33f14b210
Event: 121.754 Thread 0x000001c354259860 flushing  nmethod 0x000001c33f14bb90
Event: 121.754 Thread 0x000001c354259860 flushing  nmethod 0x000001c33f151c10
Event: 121.754 Thread 0x000001c354259860 flushing  nmethod 0x000001c33f167e10
Event: 121.754 Thread 0x000001c354259860 flushing  nmethod 0x000001c33f185f10
Event: 121.754 Thread 0x000001c354259860 flushing  nmethod 0x000001c33f193510
Event: 121.754 Thread 0x000001c354259860 flushing  nmethod 0x000001c33f19f310
Event: 121.755 Thread 0x000001c354259860 flushing  nmethod 0x000001c33f1c4f90
Event: 121.755 Thread 0x000001c354259860 flushing  nmethod 0x000001c33f1cd510
Event: 121.755 Thread 0x000001c354259860 flushing  nmethod 0x000001c33f1dd790
Event: 121.755 Thread 0x000001c354259860 flushing  nmethod 0x000001c33f1de890
Event: 121.756 Thread 0x000001c354259860 flushing  nmethod 0x000001c33f281090
Event: 121.756 Thread 0x000001c354259860 flushing  nmethod 0x000001c33f2d5110
Event: 121.756 Thread 0x000001c354259860 flushing  nmethod 0x000001c33f2d7d10
Event: 121.758 Thread 0x000001c354259860 flushing  nmethod 0x000001c33f3f1e90
Event: 121.760 Thread 0x000001c354259860 flushing  nmethod 0x000001c33f50e590

Events (20 events):
Event: 105.960 Thread 0x000001c378fc0460 Thread added: 0x000001c378fbfa40
Event: 105.967 Thread 0x000001c378fc0460 Thread added: 0x000001c378fc5a70
Event: 105.969 Thread 0x000001c378fc0460 Thread added: 0x000001c378fc1390
Event: 107.656 Thread 0x000001c3746ddec0 Thread added: 0x000001c378fc18a0
Event: 107.657 Thread 0x000001c3746ddec0 Thread added: 0x000001c378fc1db0
Event: 107.662 Thread 0x000001c3746ddec0 Thread added: 0x000001c378fc22c0
Event: 107.973 Thread 0x000001c3746ddec0 Thread added: 0x000001c378fc27d0
Event: 107.975 Thread 0x000001c3746ddec0 Thread added: 0x000001c378fbe600
Event: 107.977 Thread 0x000001c3746ddec0 Thread added: 0x000001c378fbeb10
Event: 108.218 Thread 0x000001c3746ddec0 Thread added: 0x000001c37774c4c0
Event: 108.219 Thread 0x000001c3746ddec0 Thread added: 0x000001c37774f760
Event: 108.223 Thread 0x000001c3746ddec0 Thread added: 0x000001c37774d900
Event: 109.283 Thread 0x000001c3746ddec0 Thread added: 0x000001c377751fe0
Event: 111.171 Thread 0x000001c3746ddec0 Thread added: 0x000001c377750690
Event: 114.879 Thread 0x000001c378fc0460 Thread added: 0x000001c37774fc70
Event: 114.880 Thread 0x000001c378fc0460 Thread added: 0x000001c37774c9d0
Event: 114.880 Thread 0x000001c378fc0460 Thread added: 0x000001c3777510b0
Event: 125.556 Thread 0x000001c3746ddec0 Thread added: 0x000001c37774cee0
Event: 141.114 Thread 0x000001c3746ddec0 Thread added: 0x000001c3777524f0
Event: 144.646 Thread 0x000001c3746ddec0 Thread added: 0x000001c37774b590


Dynamic libraries:
0x00007ff6a3f00000 - 0x00007ff6a3f0e000 	C:\Program Files\Zulu\zulu-17\bin\java.exe
0x00007ffb25890000 - 0x00007ffb25a88000 	C:\WINDOWS\SYSTEM32\ntdll.dll
0x00007ffaf6940000 - 0x00007ffaf6960000 	C:\Program Files\Avast Software\Avast\aswhook.dll
0x00007ffb25590000 - 0x00007ffb25652000 	C:\WINDOWS\System32\KERNEL32.DLL
0x00007ffb23250000 - 0x00007ffb23546000 	C:\WINDOWS\System32\KERNELBASE.dll
0x00007ffb22f50000 - 0x00007ffb23050000 	C:\WINDOWS\System32\ucrtbase.dll
0x00007ffb19310000 - 0x00007ffb19329000 	C:\Program Files\Zulu\zulu-17\bin\jli.dll
0x00007ffb24010000 - 0x00007ffb241ad000 	C:\WINDOWS\System32\USER32.dll
0x00007ffb22f20000 - 0x00007ffb22f42000 	C:\WINDOWS\System32\win32u.dll
0x00007ffb13270000 - 0x00007ffb1350a000 	C:\WINDOWS\WinSxS\amd64_microsoft.windows.common-controls_6595b64144ccf1df_6.0.19041.5915_none_60b4b9d171f9c7c7\COMCTL32.dll
0x00007ffb24af0000 - 0x00007ffb24b1b000 	C:\WINDOWS\System32\GDI32.dll
0x00007ffb23680000 - 0x00007ffb23799000 	C:\WINDOWS\System32\gdi32full.dll
0x00007ffb231b0000 - 0x00007ffb2324d000 	C:\WINDOWS\System32\msvcp_win.dll
0x00007ffb17250000 - 0x00007ffb1726e000 	C:\Program Files\Zulu\zulu-17\bin\VCRUNTIME140.dll
0x00007ffb241b0000 - 0x00007ffb2424e000 	C:\WINDOWS\System32\msvcrt.dll
0x00007ffb25820000 - 0x00007ffb2584f000 	C:\WINDOWS\System32\IMM32.DLL
0x00007ffb1e650000 - 0x00007ffb1e65c000 	C:\Program Files\Zulu\zulu-17\bin\vcruntime140_1.dll
0x00007ffae32d0000 - 0x00007ffae335d000 	C:\Program Files\Zulu\zulu-17\bin\msvcp140.dll
0x00007ffabc3d0000 - 0x00007ffabd045000 	C:\Program Files\Zulu\zulu-17\bin\server\jvm.dll
0x00007ffb238b0000 - 0x00007ffb23961000 	C:\WINDOWS\System32\ADVAPI32.dll
0x00007ffb254d0000 - 0x00007ffb2556f000 	C:\WINDOWS\System32\sechost.dll
0x00007ffb24250000 - 0x00007ffb24373000 	C:\WINDOWS\System32\RPCRT4.dll
0x00007ffb23550000 - 0x00007ffb23577000 	C:\WINDOWS\System32\bcrypt.dll
0x00007ffb24b20000 - 0x00007ffb24b8b000 	C:\WINDOWS\System32\WS2_32.dll
0x00007ffb22cd0000 - 0x00007ffb22d1b000 	C:\WINDOWS\SYSTEM32\POWRPROF.dll
0x00007ffb194f0000 - 0x00007ffb19517000 	C:\WINDOWS\SYSTEM32\WINMM.dll
0x00007ffb19520000 - 0x00007ffb1952a000 	C:\WINDOWS\SYSTEM32\VERSION.dll
0x00007ffb22b40000 - 0x00007ffb22b52000 	C:\WINDOWS\SYSTEM32\UMPDC.dll
0x00007ffb20d60000 - 0x00007ffb20d72000 	C:\WINDOWS\SYSTEM32\kernel.appcore.dll
0x00007ffb17240000 - 0x00007ffb1724a000 	C:\Program Files\Zulu\zulu-17\bin\jimage.dll
0x00007ffb11540000 - 0x00007ffb11741000 	C:\WINDOWS\SYSTEM32\DBGHELP.DLL
0x00007ffb11500000 - 0x00007ffb11534000 	C:\WINDOWS\SYSTEM32\dbgcore.DLL
0x00007ffb23820000 - 0x00007ffb238a2000 	C:\WINDOWS\System32\bcryptPrimitives.dll
0x00007ffb1cea0000 - 0x00007ffb1ceae000 	C:\Program Files\Zulu\zulu-17\bin\instrument.dll
0x00007ffb136e0000 - 0x00007ffb13705000 	C:\Program Files\Zulu\zulu-17\bin\java.dll
0x00007ffadd960000 - 0x00007ffadda37000 	C:\Program Files\Zulu\zulu-17\bin\jsvml.dll
0x00007ffb24380000 - 0x00007ffb24aee000 	C:\WINDOWS\System32\SHELL32.dll
0x00007ffb20f60000 - 0x00007ffb21704000 	C:\WINDOWS\SYSTEM32\windows.storage.dll
0x00007ffb23a60000 - 0x00007ffb23db3000 	C:\WINDOWS\System32\combase.dll
0x00007ffb22800000 - 0x00007ffb2282b000 	C:\WINDOWS\SYSTEM32\Wldp.dll
0x00007ffb24ee0000 - 0x00007ffb24fad000 	C:\WINDOWS\System32\OLEAUT32.dll
0x00007ffb23dd0000 - 0x00007ffb23e7d000 	C:\WINDOWS\System32\SHCORE.dll
0x00007ffb24d40000 - 0x00007ffb24d9b000 	C:\WINDOWS\System32\shlwapi.dll
0x00007ffb22e50000 - 0x00007ffb22e74000 	C:\WINDOWS\SYSTEM32\profapi.dll
0x00007ffb10ca0000 - 0x00007ffb10cb8000 	C:\Program Files\Zulu\zulu-17\bin\zip.dll
0x00007ffb17220000 - 0x00007ffb17239000 	C:\Program Files\Zulu\zulu-17\bin\net.dll
0x00007ffb1a560000 - 0x00007ffb1a66a000 	C:\WINDOWS\SYSTEM32\WINHTTP.dll
0x00007ffb225e0000 - 0x00007ffb2264a000 	C:\WINDOWS\system32\mswsock.dll
0x00007ffb10e60000 - 0x00007ffb10e76000 	C:\Program Files\Zulu\zulu-17\bin\nio.dll
0x00007ffb1e530000 - 0x00007ffb1e540000 	C:\Program Files\Zulu\zulu-17\bin\verify.dll
0x00007ffb1ceb0000 - 0x00007ffb1ced7000 	C:\Users\User\.gradle\native\1def1411415f61bf3af743bc5b6707747c0891f09f0c88961ee8f79bc544acac\windows-amd64\native-platform.dll
0x00007ffaf2a30000 - 0x00007ffaf2aa8000 	C:\Users\User\.gradle\native\0.2.7\x86_64-windows-gnu\gradle-fileevents.dll
0x00007ffb20560000 - 0x00007ffb20569000 	C:\Program Files\Zulu\zulu-17\bin\management.dll
0x00007ffb13bb0000 - 0x00007ffb13bbb000 	C:\Program Files\Zulu\zulu-17\bin\management_ext.dll
0x00007ffb25660000 - 0x00007ffb25668000 	C:\WINDOWS\System32\PSAPI.DLL
0x00007ffb222e0000 - 0x00007ffb2231b000 	C:\WINDOWS\SYSTEM32\IPHLPAPI.DLL
0x00007ffb239f0000 - 0x00007ffb239f8000 	C:\WINDOWS\System32\NSI.dll
0x00007ffb1c110000 - 0x00007ffb1c127000 	C:\WINDOWS\SYSTEM32\dhcpcsvc6.DLL
0x00007ffb1b680000 - 0x00007ffb1b69d000 	C:\WINDOWS\SYSTEM32\dhcpcsvc.DLL
0x00007ffb22320000 - 0x00007ffb223ea000 	C:\WINDOWS\SYSTEM32\DNSAPI.dll
0x00007ffb12830000 - 0x00007ffb12839000 	C:\Program Files\Zulu\zulu-17\bin\extnet.dll
0x00007ffb22b90000 - 0x00007ffb22ba8000 	C:\WINDOWS\SYSTEM32\CRYPTSP.dll
0x00007ffb21ec0000 - 0x00007ffb21ef8000 	C:\WINDOWS\system32\rsaenh.dll
0x00007ffb22dd0000 - 0x00007ffb22dfe000 	C:\WINDOWS\SYSTEM32\USERENV.dll
0x00007ffb22770000 - 0x00007ffb2277c000 	C:\WINDOWS\SYSTEM32\CRYPTBASE.dll
0x00007ffb136d0000 - 0x00007ffb136de000 	C:\Program Files\Zulu\zulu-17\bin\sunmscapi.dll
0x00007ffb23050000 - 0x00007ffb231ad000 	C:\WINDOWS\System32\CRYPT32.dll
0x00007ffb22870000 - 0x00007ffb22897000 	C:\WINDOWS\SYSTEM32\ncrypt.dll
0x00007ffb22830000 - 0x00007ffb2286b000 	C:\WINDOWS\SYSTEM32\NTASN1.dll
0x00007ffb13570000 - 0x00007ffb13577000 	C:\WINDOWS\system32\wshunix.dll

dbghelp: loaded successfully - version: 4.0.5 - missing functions: none
symbol engine: initialized successfully - sym options: 0x614 - pdb path: .;C:\Program Files\Zulu\zulu-17\bin;C:\WINDOWS\SYSTEM32;C:\Program Files\Avast Software\Avast;C:\WINDOWS\WinSxS\amd64_microsoft.windows.common-controls_6595b64144ccf1df_6.0.19041.5915_none_60b4b9d171f9c7c7;C:\Program Files\Zulu\zulu-17\bin\server;C:\Users\User\.gradle\native\1def1411415f61bf3af743bc5b6707747c0891f09f0c88961ee8f79bc544acac\windows-amd64;C:\Users\User\.gradle\native\0.2.7\x86_64-windows-gnu

VM Arguments:
jvm_args: --add-opens=java.base/java.lang=ALL-UNNAMED --add-opens=java.base/java.lang.invoke=ALL-UNNAMED --add-opens=java.base/java.util=ALL-UNNAMED --add-opens=java.prefs/java.util.prefs=ALL-UNNAMED --add-exports=jdk.compiler/com.sun.tools.javac.api=ALL-UNNAMED --add-exports=jdk.compiler/com.sun.tools.javac.util=ALL-UNNAMED --add-opens=java.base/java.util=ALL-UNNAMED --add-opens=java.prefs/java.util.prefs=ALL-UNNAMED --add-opens=java.base/java.nio.charset=ALL-UNNAMED --add-opens=java.base/java.net=ALL-UNNAMED --add-opens=java.base/java.util.concurrent.atomic=ALL-UNNAMED --add-opens=java.xml/javax.xml.namespace=ALL-UNNAMED -XX:MaxMetaspaceSize=512m -Xmx2048m -Dfile.encoding=windows-1252 -Duser.country=FR -Duser.language=fr -Duser.variant -javaagent:C:\Users\User\.gradle\wrapper\dists\gradle-8.14.1-bin\baw1sv0jfoi8rxs14qo3h49cs\gradle-8.14.1\lib\agents\gradle-instrumentation-agent-8.14.1.jar 
java_command: org.gradle.launcher.daemon.bootstrap.GradleDaemon 8.14.1
java_class_path (initial): C:\Users\User\.gradle\wrapper\dists\gradle-8.14.1-bin\baw1sv0jfoi8rxs14qo3h49cs\gradle-8.14.1\lib\gradle-daemon-main-8.14.1.jar
Launcher Type: SUN_STANDARD

[Global flags]
     intx CICompilerCount                          = 3                                         {product} {ergonomic}
   size_t CompressedClassSpaceSize                 = 436207616                                 {product} {ergonomic}
     uint ConcGCThreads                            = 1                                         {product} {ergonomic}
     uint G1ConcRefinementThreads                  = 4                                         {product} {ergonomic}
   size_t G1HeapRegionSize                         = 1048576                                   {product} {ergonomic}
    uintx GCDrainStackTargetSize                   = 64                                        {product} {ergonomic}
   size_t InitialHeapSize                          = 117440512                                 {product} {ergonomic}
   size_t MarkStackSize                            = 4194304                                   {product} {ergonomic}
   size_t MaxHeapSize                              = 2147483648                                {product} {command line}
   size_t MaxMetaspaceSize                         = 536870912                                 {product} {command line}
   size_t MaxNewSize                               = 1287651328                                {product} {ergonomic}
   size_t MinHeapDeltaBytes                        = 1048576                                   {product} {ergonomic}
   size_t MinHeapSize                              = 8388608                                   {product} {ergonomic}
    uintx NonNMethodCodeHeapSize                   = 5832780                                {pd product} {ergonomic}
    uintx NonProfiledCodeHeapSize                  = 122912730                              {pd product} {ergonomic}
    uintx ProfiledCodeHeapSize                     = 122912730                              {pd product} {ergonomic}
    uintx ReservedCodeCacheSize                    = 251658240                              {pd product} {ergonomic}
     bool SegmentedCodeCache                       = true                                      {product} {ergonomic}
   size_t SoftMaxHeapSize                          = 2147483648                             {manageable} {ergonomic}
     bool UseCompressedClassPointers               = true                           {product lp64_product} {ergonomic}
     bool UseCompressedOops                        = true                           {product lp64_product} {ergonomic}
     bool UseG1GC                                  = true                                      {product} {ergonomic}
     bool UseLargePagesIndividualAllocation        = false                                  {pd product} {ergonomic}

Logging:
Log output configuration:
 #0: stdout all=warning uptime,level,tags
 #1: stderr all=off uptime,level,tags

Environment Variables:
JAVA_HOME=C:\Program Files\Zulu\zulu-17
PATH=C:\Users\User\Documents\Projets\Firebase\node_modules\.bin;C:\Users\User\Documents\Projets\node_modules\.bin;C:\Users\User\Documents\node_modules\.bin;C:\Users\User\node_modules\.bin;C:\Users\node_modules\.bin;C:\node_modules\.bin;C:\Users\User\AppData\Roaming\npm\node_modules\npm\node_modules\@npmcli\run-script\lib\node-gyp-bin;C:\VulkanSDK\1.4.321.1\Bin;C:\Program Files\Zulu\zulu-17\bin\;C:\Users\User\AppData\Local\Microsoft\WindowsApps;C:\Users\User\AppData\Local\Programs\Microsoft VS Code\bin;C:\MinGW\bin;C:\Users\User\Documents\Programme\Zip PHP;C:\Users\User\AppData\Local\Android\Sdk\platform-tools;C:\Users\User\AppData\Roaming\npm;C:\Program Files\Zulu\zulu-17;C:\Program Files\nodejs;C:\Program Files\Git\bin;
USERNAME=User
OS=Windows_NT
PROCESSOR_IDENTIFIER=AMD64 Family 21 Model 96 Stepping 1, AuthenticAMD
TMP=C:\Users\User\AppData\Local\Temp
TEMP=C:\Users\User\AppData\Local\Temp



Periodic native trim disabled


---------------  S Y S T E M  ---------------

OS:
 Windows 10 , 64 bit Build 19041 (10.0.19041.5915)
OS uptime: 0 days 1:03 hours
Hyper-V role detected

CPU: total 4 (initial active 4) (4 cores per cpu, 1 threads per core) family 21 model 96 stepping 1 microcode 0x0, cx8, cmov, fxsr, mmx, 3dnowpref, sse, sse2, sse3, ssse3, sse4a, sse4.1, sse4.2, popcnt, lzcnt, tsc, tscinvbit, avx, avx2, aes, clmul, bmi1, bmi2, fma, vzeroupper, clflush, hv
Processor Information for all 4 processors :
  Max Mhz: 1800, Current Mhz: 1800, Mhz Limit: 1800

Memory: 4k page, system-wide physical 7082M (243M free)
TotalPageFile size 11178M (AvailPageFile size 1M)
current process WorkingSet (physical memory assigned to process): 352M, peak: 369M
current process commit charge ("private bytes"): 464M, peak: 500M

vm_info: OpenJDK 64-Bit Server VM (17.0.15+6-LTS) for windows-amd64 JRE (17.0.15+6-LTS) (Zulu17.58+21-CA), built on Apr  4 2025 15:28:26 by "zulu_re" with MS VC++ 16.10 / 16.11 (VS2019)

END.
